FAC_00483A
FAC_01004A
FAC_0228505A
FAC_05214A
FAC_075A
FAC_0A
FAC_0B
FAC_1072A
FAC_1300A
FAC_15739A
FAC_16793A
FAC_1A
FAC_1B
FAC_1K92A
FAC_20A
FAC_2509A
FAC_27K2A
FAC_2996911A
FAC_2A
FAC_2B
FAC_2K86121A
FAC_3026303A
FAC_311K977A
FAC_356A
FAC_3764332A
FAC_384A
FAC_3A
FAC_3B
FAC_418KA
FAC_41A
FAC_445A
FAC_46089A
FAC_48A
FAC_4A
FAC_4B
FAC_516A
FAC_519A
FAC_57A
FAC_5912609A
FAC_598KA
FAC_5A
FAC_5B
FAC_6273881A
FAC_6314K19A
FAC_649A
FAC_65KA
FAC_67A
FAC_6A
FAC_6B
FAC_706A
FAC_7443A
FAC_74A
FAC_7782KA
FAC_79A
FAC_7A
FAC_7B
FAC_801A
FAC_8242255A
FAC_834KA
FAC_85A
FAC_8715A
FAC_8A
FAC_8B
FAC_92324A
FAC_93654A
FAC_94A
FAC_958A
FAC_9A
FAC_9B
FAC_9KK868KA
FAC_K37K6A
FAC_K4561A
FAC_K5A
FAC_K72KA
FAC_KA
FAC_KB
FAC_KKA
FAG_0400A
FAG_085A
FAG_08A
FAG_0997441A
FAG_09A
FAG_0A
FAG_0B
FAG_122A
FAG_13114A
FAG_153K664A
FAG_1612848A
FAG_18963A
FAG_1A
FAG_1B
FAG_21438A
FAG_21KKA
FAG_2307674A
FAG_2471A
FAG_2A
FAG_2B
FAG_2KK28A
FAG_326A
FAG_3292KA
FAG_34K36K7A
FAG_3579039A
FAG_3A
FAG_3B
FAG_3K98A
FAG_40705A
FAG_40A
FAG_457A
FAG_4687205A
FAG_49A
FAG_4A
FAG_4B
FAG_510A
FAG_53A
FAG_5494A
FAG_5A
FAG_5B
FAG_5K6A
FAG_5KK2A
FAG_60A
FAG_62006A
FAG_625A
FAG_6789A
FAG_695A
FAG_6A
FAG_6B
FAG_72934A
FAG_73A
FAG_78A
FAG_7A
FAG_7B
FAG_7K425A
FAG_7KA
FAG_8118224A
FAG_85A
FAG_875A
FAG_8A
FAG_8B
FAG_8K39KA
FAG_8K83316A
FAG_9026A
FAG_952A
FAG_96A
FAG_9801A
FAG_99386K8A
FAG_9A
FAG_9B
FAG_K155A
FAG_K17K4A
FAG_K58A
FAG_K792A
FAG_K942765A
FAG_KA
FAG_KB
FAM_0124407A
FAM_05505A
FAM_0830A
FAM_0896A
FAM_0956062A
FAM_0A
FAM_0B
FAM_100A
FAM_12A
FAM_15490A
FAM_19A
FAM_1A
FAM_1B
FAM_1KA
FAM_2018793A
FAM_2111685A
FAM_21K2326A
FAM_2506A
FAM_289K7A
FAM_2A
FAM_2B
FAM_342A
FAM_35451A
FAM_373A
FAM_381A
FAM_38675A
FAM_3A
FAM_3B
FAM_418A
FAM_4362A
FAM_44A
FAM_4917A
FAM_4A
FAM_4B
FAM_4KK4A
FAM_52A
FAM_52K8A
FAM_5569A
FAM_57A
FAM_59A
FAM_5A
FAM_5B
FAM_602A
FAM_613K158A
FAM_68042A
FAM_693A
FAM_6A
FAM_6B
FAM_6K1A
FAM_7091000A
FAM_7251764A
FAM_7488KA
FAM_7731A
FAM_7A
FAM_7B
FAM_7KA
FAM_8246A
FAM_8407619A
FAM_85A
FAM_8804663A
FAM_8A
FAM_8B
FAM_8KA
FAM_941A
FAM_97002A
FAM_97136A
FAM_98290A
FAM_99A
FAM_9A
FAM_9B
FAM_K471A
FAM_K5339A
FAM_K96A
FAM_KA
FAM_KB
FAM_KK266K9A
FAM_KK7A
FAQ_02500A
FAQ_04690A
FAQ_0540641A
FAQ_0778762A
FAQ_0846180A
FAQ_0A
FAQ_0B
FAQ_11A
FAQ_1304063A
FAQ_14K93A
FAQ_16K2355A
FAQ_17422A
FAQ_1A
FAQ_1B
FAQ_215A
FAQ_26A
FAQ_272A
FAQ_2751KA
FAQ_28108A
FAQ_2A
FAQ_2B
FAQ_311A
FAQ_32K8A
FAQ_332A
FAQ_34495A
FAQ_3494KA
FAQ_3A
FAQ_3B
FAQ_418A
FAQ_4385A
FAQ_45A
FAQ_470A
FAQ_4733070A
FAQ_4A
FAQ_4B
FAQ_5231A
FAQ_5596196A
FAQ_58A
FAQ_598A
FAQ_5A
FAQ_5B
FAQ_5K56882A
FAQ_6003A
FAQ_6648KA
FAQ_673A
FAQ_6779A
FAQ_688KA
FAQ_6A
FAQ_6B
FAQ_7198A
FAQ_72A
FAQ_7637A
FAQ_78A
FAQ_7A
FAQ_7B
FAQ_7K71A
FAQ_81A
FAQ_82A
FAQ_8512A
FAQ_8626K36A
FAQ_893K837A
FAQ_8A
FAQ_8B
FAQ_9009748A
FAQ_90101A
FAQ_92K69A
FAQ_97A
FAQ_991A
FAQ_9A
FAQ_9B
FAQ_K16A
FAQ_K6A
FAQ_K9A
FAQ_KA
FAQ_KB
FAQ_KK25A
FAQ_KKKA
FAT_017A
FAT_029A
FAT_0474000A
FAT_05183A
FAT_0566A
FAT_0A
FAT_0B
FAT_11322A
FAT_145A
FAT_14A
FAT_186A
FAT_1A
FAT_1B
FAT_1KA
FAT_217A
FAT_233A
FAT_25KA
FAT_297989KA
FAT_2A
FAT_2B
FAT_2KA
FAT_308A
FAT_3775512A
FAT_3910A
FAT_3A
FAT_3B
FAT_3K2K348A
FAT_3K9K46KA
FAT_4109A
FAT_41527A
FAT_43882A
FAT_43A
FAT_442K6A
FAT_4A
FAT_4B
FAT_50A
FAT_53420A
FAT_57954A
FAT_58A
FAT_5A
FAT_5B
FAT_5K8A
FAT_6135500A
FAT_6282A
FAT_6571A
FAT_66A
FAT_6989326A
FAT_6A
FAT_6B
FAT_71996A
FAT_7224953A
FAT_73A
FAT_74568A
FAT_76873A
FAT_7A
FAT_7B
FAT_8031067A
FAT_8476A
FAT_85A
FAT_86K99A
FAT_8852A
FAT_8A
FAT_8B
FAT_9161165A
FAT_9275815A
FAT_9408A
FAT_949A
FAT_9A
FAT_9B
FAT_9KKKA
FAT_K125A
FAT_K59A
FAT_K6A
FAT_K7K1A
FAT_K8A
FAT_KA
FAT_KB
FAU_0143100A
FAU_01A
FAU_02009A
FAU_0502A
FAU_072A
FAU_0A
FAU_0B
FAU_1041A
FAU_11A
FAU_15KA
FAU_188A
FAU_1A
FAU_1B
FAU_1KA
FAU_2003122A
FAU_219KK9KA
FAU_285A
FAU_287A
FAU_296A
FAU_2A
FAU_2B
FAU_306A
FAU_3368827A
FAU_365A
FAU_38349A
FAU_3866635A
FAU_3A
FAU_3B
FAU_4239932A
FAU_45A
FAU_479A
FAU_48307A
FAU_4A
FAU_4B
FAU_4K2K1A
FAU_5044087A
FAU_52K56A
FAU_535A
FAU_5425858A
FAU_56A
FAU_5A
FAU_5B
FAU_61A
FAU_6379A
FAU_6717A
FAU_6781625A
FAU_68A
FAU_6A
FAU_6B
FAU_7094A
FAU_74595A
FAU_764K6A
FAU_77A
FAU_7A
FAU_7B
FAU_7K4K1A
FAU_80693A
FAU_8903A
FAU_892A
FAU_8A
FAU_8B
FAU_8K32A
FAU_8K39221A
FAU_91A
FAU_91B
FAU_9754A
FAU_9781KK2A
FAU_9950A
FAU_9A
FAU_9B
FAU_K6KKA
FAU_K73KA
FAU_K7712A
FAU_K8298A
FAU_K9A
FAU_KA
FAU_KB
FAX_003A
FAX_0056A
FAX_070A
FAX_072A
FAX_090A
FAX_0A
FAX_0B
FAX_11352A
FAX_1273A
FAX_14A
FAX_1501089A
FAX_16A
FAX_1A
FAX_1B
FAX_21A
FAX_238K3A
FAX_23A
FAX_28A
FAX_2A
FAX_2B
FAX_2KA
FAX_30A
FAX_3118A
FAX_316A
FAX_32151A
FAX_373A
FAX_3A
FAX_3B
FAX_43A
FAX_4530196A
FAX_45858A
FAX_4826177A
FAX_4989A
FAX_4A
FAX_4B
FAX_50A
FAX_535A
FAX_55480A
FAX_59329A
FAX_5A
FAX_5B
FAX_5K9A
FAX_6336A
FAX_6576A
FAX_664KA
FAX_6657A
FAX_6809200A
FAX_6A
FAX_6B
FAX_72063A
FAX_7420460A
FAX_74788A
FAX_79K51K2A
FAX_7A
FAX_7B
FAX_7K4K136A
FAX_8183926A
FAX_83KK676A
FAX_84A
FAX_86A
FAX_8708281A
FAX_8A
FAX_8B
FAX_9371A
FAX_9546A
FAX_95KA
FAX_9978KK8A
FAX_9A
FAX_9B
FAX_9K794A
FAX_K17K8A
FAX_K29A
FAX_K75A
FAX_KA
FAX_KB
FAX_KK342A
FAX_KK62A
FBM_00718A
FBM_0227730A
FBM_030A
FBM_07898A
FBM_0943A
FBM_0A
FBM_0B
FBM_1120801A
FBM_129A
FBM_13A
FBM_16472A
FBM_175A
FBM_1A
FBM_1B
FBM_21A
FBM_2394A
FBM_262A
FBM_29A
FBM_2A
FBM_2B
FBM_2KA
FBM_31A
FBM_331A
FBM_344A
FBM_3814A
FBM_3936A
FBM_3A
FBM_3B
FBM_41921KKA
FBM_42KA
FBM_450A
FBM_4519A
FBM_49A
FBM_4A
FBM_4B
FBM_5061005A
FBM_51A
FBM_56461A
FBM_579K918A
FBM_5976A
FBM_5A
FBM_5B
FBM_6595KA
FBM_688928KA
FBM_6937153A
FBM_69K66K3A
FBM_6A
FBM_6B
FBM_6K153A
FBM_74A
FBM_7734K83A
FBM_78427A
FBM_7A
FBM_7B
FBM_7K375A
FBM_7K55A
FBM_80A
FBM_811A
FBM_85632A
FBM_8674A
FBM_8676633A
FBM_8A
FBM_8B
FBM_90401A
FBM_9526A
FBM_96A
FBM_9870A
FBM_9906A
FBM_9A
FBM_9B
FBM_K16A
FBM_K48K57KA
FBM_K79A
FBM_K8A
FBM_K9725A
FBM_KA
FBM_KB
FCL_0135513A
FCL_03A
FCL_04A
FCL_0600015A
FCL_08A
FCL_0A
FCL_0B
FCL_1038A
FCL_10787A
FCL_11K3A
FCL_169K8A
FCL_1A
FCL_1B
FCL_1K2A
FCL_218KA
FCL_22A
FCL_2458442A
FCL_24A
FCL_290A
FCL_2A
FCL_2B
FCL_30A
FCL_31A
FCL_32KK997A
FCL_33A
FCL_35217A
FCL_3A
FCL_3B
FCL_40506A
FCL_414A
FCL_4205A
FCL_43040A
FCL_4760A
FCL_4A
FCL_4B
FCL_525A
FCL_55196A
FCL_5772A
FCL_58283A
FCL_5A
FCL_5B
FCL_5K34KKKA
FCL_6200792A
FCL_644A
FCL_6561A
FCL_662A
FCL_6823KA
FCL_6A
FCL_6B
FCL_7090239A
FCL_7312A
FCL_756A
FCL_7919A
FCL_7A
FCL_7B
FCL_7KK6K59A
FCL_8002A
FCL_85A
FCL_8678576A
FCL_887A
FCL_89A
FCL_8A
FCL_8B
FCL_91186A
FCL_9367295A
FCL_94KA
FCL_970A
FCL_99A
FCL_9A
FCL_9B
FCL_K146A
FCL_K1716A
FCL_K6981A
FCL_K88495KA
FCL_K94A
FCL_KA
FCL_KB
FDE_00128A
FDE_0374A
FDE_042A
FDE_047A
FDE_070A
FDE_0A
FDE_0B
FDE_1300249A
FDE_14A
FDE_1713A
FDE_190A
FDE_191A
FDE_1A
FDE_1B
FDE_21844A
FDE_2344A
FDE_24388A
FDE_29KK2A
FDE_2A
FDE_2B
FDE_2KKKA
FDE_3255A
FDE_339A
FDE_353A
FDE_357KA
FDE_3A
FDE_3B
FDE_3KK4A
FDE_4063266A
FDE_4079276A
FDE_43348A
FDE_45964A
FDE_4A
FDE_4B
FDE_4K51K98A
FDE_52A
FDE_52B
FDE_547A
FDE_56KA
FDE_58A
FDE_5A
FDE_5B
FDE_61A
FDE_67464A
FDE_67A
FDE_68A
FDE_6997170A
FDE_6A
FDE_6B
FDE_7395036A
FDE_73K91K4A
FDE_75K8A
FDE_781516KA
FDE_78K7A
FDE_7A
FDE_7B
FDE_80A
FDE_8366209A
FDE_8389223A
FDE_85A
FDE_87708A
FDE_8A
FDE_8B
FDE_93165A
FDE_937A
FDE_94581A
FDE_998A
FDE_9A
FDE_9B
FDE_9K76A
FDE_K146KA
FDE_K1A
FDE_K3A
FDE_K5K2841A
FDE_K63KA
FDE_KA
FDE_KB
FDR_0043652A
FDR_00A
FDR_0355A
FDR_04554A
FDR_086A
FDR_0A
FDR_0B
FDR_1070014A
FDR_11KA
FDR_167A
FDR_16KA
FDR_1834K88A
FDR_1A
FDR_1B
FDR_2106941A
FDR_24450A
FDR_25A
FDR_28828A
FDR_2951K89A
FDR_2A
FDR_2B
FDR_31A
FDR_3351321A
FDR_33A
FDR_3930A
FDR_3A
FDR_3B
FDR_3K5KA
FDR_4385926A
FDR_449A
FDR_4764A
FDR_49KK6A
FDR_4A
FDR_4B
FDR_4K9A
FDR_5379A
FDR_56A
FDR_5857741A
FDR_58911A
FDR_5A
FDR_5B
FDR_5K5K7A
FDR_61965A
FDR_622A
FDR_6323A
FDR_6660140A
FDR_68A
FDR_6A
FDR_6B
FDR_70237A
FDR_73KK4A
FDR_77A
FDR_784A
FDR_79709A
FDR_7A
FDR_7B
FDR_8052005A
FDR_8125A
FDR_831A
FDR_8A
FDR_8B
FDR_8K1A
FDR_8K46A
FDR_909A
FDR_93846A
FDR_9542A
FDR_9678A
FDR_9972406A
FDR_9A
FDR_9B
FDR_K275A
FDR_K2A
FDR_K7A
FDR_K9A
FDR_KA
FDR_KB
FDR_KKA
FER_00077A
FER_0394A
FER_04A
FER_05970A
FER_0804730A
FER_0A
FER_0B
FER_1206A
FER_1540280A
FER_1629A
FER_17760A
FER_1A
FER_1B
FER_1K6A
FER_221A
FER_2336757A
FER_243A
FER_2558221A
FER_29A
FER_2A
FER_2B
FER_30A
FER_3109A
FER_327A
FER_3485193A
FER_38KA
FER_3A
FER_3B
FER_4074A
FER_420A
FER_42478A
FER_4486A
FER_45K88A
FER_4A
FER_4B
FER_50A
FER_56146A
FER_57A
FER_58990A
FER_5981126A
FER_5A
FER_5B
FER_61A
FER_64175A
FER_667A
FER_6A
FER_6B
FER_6K93K46A
FER_6KA
FER_70A
FER_7135KA
FER_72KA
FER_7369A
FER_7437A
FER_7A
FER_7B
FER_81A
FER_8278945A
FER_83KA
FER_844KA
FER_849K339A
FER_8A
FER_8B
FER_901A
FER_9118A
FER_92538A
FER_9514109A
FER_97K53A
FER_9A
FER_9B
FER_K286A
FER_K2KA
FER_K8A
FER_KA
FER_KB
FER_KKA
FER_KKK79K7A
FFD_0027A
FFD_0309840A
FFD_049A
FFD_0793A
FFD_08359A
FFD_0A
FFD_0B
FFD_12K5K14A
FFD_132A
FFD_14A
FFD_15A
FFD_1A
FFD_1B
FFD_1KA
FFD_2009A
FFD_219A
FFD_2263791A
FFD_2453A
FFD_28A
FFD_2A
FFD_2B
FFD_3403110A
FFD_3617A
FFD_38A
FFD_39364A
FFD_3A
FFD_3B
FFD_3KK75A
FFD_41A
FFD_4256940A
FFD_45KA
FFD_47478A
FFD_489K2A
FFD_4A
FFD_4B
FFD_51KA
FFD_5229605A
FFD_543KA
FFD_55A
FFD_5928872A
FFD_5A
FFD_5B
FFD_62356A
FFD_6553124A
FFD_68175A
FFD_69905A
FFD_6A
FFD_6B
FFD_6K9A
FFD_702A
FFD_7215190A
FFD_7376A
FFD_7465061A
FFD_7A
FFD_7B
FFD_7KA
FFD_80A
FFD_82011A
FFD_83A
FFD_896A
FFD_8A
FFD_8B
FFD_8KK5A
FFD_91A
FFD_9544A
FFD_9701A
FFD_984A
FFD_9A
FFD_9B
FFD_9K4KKA
FFD_K299A
FFD_K385867A
FFD_K6KA
FFD_K86A
FFD_KA
FFD_KB
FFD_KK66KA
FFK_0191A
FFK_0304721A
FFK_04A
FFK_0508000A
FFK_050A
FFK_0A
FFK_0B
FFK_10631A
FFK_10A
FFK_11485A
FFK_1188A
FFK_19A
FFK_1A
FFK_1B
FFK_24536A
FFK_2606659A
FFK_2776A
FFK_2957091A
FFK_2A
FFK_2B
FFK_2KA
FFK_33A
FFK_3418A
FFK_3439KA
FFK_36A
FFK_3713A
FFK_3A
FFK_3B
FFK_4075A
FFK_4152A
FFK_42623A
FFK_4684201A
FFK_49473A
FFK_4A
FFK_4B
FFK_517A
FFK_5432287A
FFK_5664023A
FFK_5899A
FFK_5945795A
FFK_5A
FFK_5B
FFK_644K3A
FFK_6787A
FFK_67K2553A
FFK_686A
FFK_6A
FFK_6B
FFK_6KA
FFK_7139KA
FFK_72A
FFK_7628A
FFK_77A
FFK_790A
FFK_7A
FFK_7B
FFK_803A
FFK_83355A
FFK_83KA
FFK_85248A
FFK_8A
FFK_8B
FFK_8K7A
FFK_929A
FFK_93884A
FFK_961A
FFK_969A
FFK_99A
FFK_9A
FFK_9B
FFK_K225A
FFK_K4A
FFK_K54982KA
FFK_K6KK821A
FFK_K74A
FFK_KA
FFK_KB
FHA_00215A
FHA_0047A
FHA_0084A
FHA_0130700A
FHA_08A
FHA_0A
FHA_0B
FHA_1199A
FHA_13A
FHA_149K5A
FHA_15A
FHA_1739852A
FHA_1A
FHA_1B
FHA_22A
FHA_24A
FHA_286KA
FHA_29458A
FHA_2A
FHA_2B
FHA_2K628A
FHA_325A
FHA_35337A
FHA_3606031A
FHA_39A
FHA_3A
FHA_3B
FHA_3K2KA
FHA_409A
FHA_41071A
FHA_469A
FHA_470A
FHA_4A
FHA_4B
FHA_4KKA
FHA_50A
FHA_51A
FHA_54434A
FHA_5664A
FHA_578A
FHA_5A
FHA_5B
FHA_6384A
FHA_6423219A
FHA_652A
FHA_674A
FHA_68201A
FHA_6A
FHA_6B
FHA_7112691A
FHA_7534955A
FHA_76A
FHA_7902975A
FHA_79K18A
FHA_7A
FHA_7B
FHA_805A
FHA_81KA
FHA_836A
FHA_8703305A
FHA_8A
FHA_8B
FHA_8K3KA
FHA_9062723A
FHA_91A
FHA_9272A
FHA_9386A
FHA_96104A
FHA_9A
FHA_9B
FHA_K4A
FHA_K731437A
FHA_K88K674A
FHA_K9935A
FHA_KA
FHA_KB
FHA_KKK8A
FHH_00A
FHH_0266A
FHH_05A
FHH_0771A
FHH_09795A
FHH_0A
FHH_0B
FHH_1030065A
FHH_1086445A
FHH_112K4A
FHH_14A
FHH_1A
FHH_1B
FHH_1KA
FHH_223A
FHH_245A
FHH_26912A
FHH_27KKKA
FHH_2A
FHH_2B
FHH_2K2K319A
FHH_3523A
FHH_3624A
FHH_38KKKA
FHH_399A
FHH_3A
FHH_3B
FHH_3K1KA
FHH_4227A
FHH_4282541A
FHH_46767A
FHH_482A
FHH_4A
FHH_4B
FHH_4K48A
FHH_500A
FHH_51331A
FHH_5178921A
FHH_525A
FHH_589A
FHH_5A
FHH_5B
FHH_634A
FHH_657A
FHH_66A
FHH_6A
FHH_6B
FHH_6K371A
FHH_6K8K5A
FHH_72A
FHH_7305A
FHH_75K7474A
FHH_7619A
FHH_7794A
FHH_7A
FHH_7B
FHH_81187K6A
FHH_8353KA
FHH_8490160A
FHH_8616A
FHH_8832096A
FHH_8A
FHH_8B
FHH_90A
FHH_93A
FHH_94A
FHH_97A
FHH_9913604A
FHH_9A
FHH_9B
FHH_K1562A
FHH_K21A
FHH_K5A
FHH_K68K815A
FHH_K98A
FHH_KA
FHH_KB
FHJ_00520A
FHJ_007A
FHJ_01598A
FHJ_026A
FHJ_0913A
FHJ_0A
FHJ_0B
FHJ_106A
FHJ_12A
FHJ_12K1A
FHJ_1863A
FHJ_1A
FHJ_1B
FHJ_1K193K9A
FHJ_22114A
FHJ_22A
FHJ_2375206A
FHJ_2496A
FHJ_2664885A
FHJ_2A
FHJ_2B
FHJ_30A
FHJ_31958A
FHJ_34A
FHJ_35640A
FHJ_38KKA
FHJ_3A
FHJ_3B
FHJ_41808A
FHJ_4461084A
FHJ_45K42A
FHJ_49363A
FHJ_4A
FHJ_4B
FHJ_4K9A
FHJ_517A
FHJ_51A
FHJ_53729A
FHJ_56A
FHJ_5716A
FHJ_5A
FHJ_5B
FHJ_616A
FHJ_65K3KK8A
FHJ_67A
FHJ_68A
FHJ_6948A
FHJ_6A
FHJ_6B
FHJ_7032535A
FHJ_720A
FHJ_7317823A
FHJ_739A
FHJ_7A
FHJ_7B
FHJ_7K25788A
FHJ_813A
FHJ_832A
FHJ_86811A
FHJ_87771KKA
FHJ_89A
FHJ_8A
FHJ_8B
FHJ_9001A
FHJ_9215A
FHJ_97A
FHJ_9854A
FHJ_99K76A
FHJ_9A
FHJ_9B
FHJ_K246A
FHJ_K33A
FHJ_K414KK8A
FHJ_K58K75KA
FHJ_K6A
FHJ_KA
FHJ_KB
FHL_02569A
FHL_0477A
FHL_05063A
FHL_08A
FHL_09011A
FHL_0A
FHL_0B
FHL_10A
FHL_11214A
FHL_1397283A
FHL_170A
FHL_17A
FHL_1A
FHL_1B
FHL_240A
FHL_27K85A
FHL_2920071A
FHL_2A
FHL_2B
FHL_2K5A
FHL_2KA
FHL_3064A
FHL_3215873A
FHL_32A
FHL_3368A
FHL_3894484A
FHL_3A
FHL_3B
FHL_4185A
FHL_4278A
FHL_42A
FHL_4576035A
FHL_4A
FHL_4B
FHL_4K1A
FHL_51A
FHL_5343KA
FHL_55386A
FHL_5755074A
FHL_597A
FHL_5A
FHL_5B
FHL_60A
FHL_6249A
FHL_62A
FHL_69K68A
FHL_6A
FHL_6B
FHL_6K1KK63A
FHL_7001A
FHL_71491A
FHL_7230526A
FHL_766A
FHL_79A
FHL_7A
FHL_7B
FHL_804A
FHL_81A
FHL_825A
FHL_867A
FHL_8A
FHL_8B
FHL_8K88A
FHL_9080009A
FHL_9394A
FHL_98K5A
FHL_99288A
FHL_9965030A
FHL_9A
FHL_9B
FHL_K222K95A
FHL_K3519A
FHL_K44A
FHL_K74KA
FHL_KA
FHL_KB
FHL_KKKA
FIA_01A
FIA_0482A
FIA_05781A
FIA_06959A
FIA_07A
FIA_0A
FIA_0B
FIA_11009A
FIA_13A
FIA_1642A
FIA_1712A
FIA_1A
FIA_1B
FIA_1K51A
FIA_21382A
FIA_2341484A
FIA_243A
FIA_265A
FIA_2700023A
FIA_2A
FIA_2B
FIA_3316K45A
FIA_361A
FIA_377A
FIA_3A
FIA_3B
FIA_3K43A
FIA_3K7K222A
FIA_426A
FIA_4472128A
FIA_4740A
FIA_493A
FIA_4A
FIA_4B
FIA_4KA
FIA_52K7932A
FIA_55769A
FIA_55A
FIA_56A
FIA_588A
FIA_5A
FIA_5B
FIA_602A
FIA_618K6A
FIA_6466A
FIA_67639A
FIA_6A
FIA_6B
FIA_6K11KA
FIA_7154049A
FIA_7307401A
FIA_73803A
FIA_79033A
FIA_7A
FIA_7B
FIA_7K34A
FIA_83A
FIA_84A
FIA_85A
FIA_8672KK5A
FIA_894A
FIA_8A
FIA_8B
FIA_9056A
FIA_95080A
FIA_978A
FIA_983277KA
FIA_9A
FIA_9B
FIA_9KK8A
FIA_K187529A
FIA_K29A
FIA_K3A
FIA_K875A
FIA_K9A
FIA_KA
FIA_KB
FIP_12A
FIP_13536A
FIP_14A
FIP_15A
FIP_1804A
FIP_1A
FIP_1B
FIP_23KA
FIP_2410095A
FIP_264A
FIP_28714A
FIP_2A
FIP_2B
FIP_2KA
FIP_3117A
FIP_3118A
FIP_32390A
FIP_336KA
FIP_3A
FIP_3B
FIP_3KK2A
FIP_439A
FIP_469A
FIP_48A
FIP_4A
FIP_4B
FIP_4K5KK26A
FIP_4K8A
FIP_5282252A
FIP_53A
FIP_55A
FIP_561K199A
FIP_57208A
FIP_5A
FIP_5B
FIP_60A
FIP_63034A
FIP_65A
FIP_675A
FIP_6A
FIP_6B
FIP_6KK3894A
FIP_71A
FIP_7358A
FIP_7474298A
FIP_7785913A
FIP_79062A
FIP_7A
FIP_7B
FIP_82702A
FIP_8468A
FIP_8844A
FIP_8A
FIP_8B
FIP_8K7A
FIP_8KK7691A
FIP_9616A
FIP_9642A
FIP_9793860A
FIP_97K8332A
FIP_99KA
FIP_9A
FIP_9B
FIR_0087100A
FIR_009A
FIR_0250648A
FIR_0553832A
FIR_07634A
FIR_0A
FIR_0B
FIR_1437739A
FIR_14A
FIR_16A
FIR_17118A
FIR_1965720A
FIR_1A
FIR_1B
FIR_2309A
FIR_2425A
FIR_2723K43A
FIR_29A
FIR_2A
FIR_2B
FIR_2K66A
FIR_311A
FIR_31554A
FIR_348A
FIR_376A
FIR_3A
FIR_3B
FIR_3KA
FIR_42A
FIR_449A
FIR_44A
FIR_4527A
FIR_45K33A
FIR_4A
FIR_4B
FIR_5293A
FIR_5335A
FIR_54641A
FIR_58778A
FIR_58K2A
FIR_5A
FIR_5B
FIR_6004062A
FIR_657K1A
FIR_67A
FIR_686K815A
FIR_69A
FIR_6A
FIR_6B
FIR_707A
FIR_75183A
FIR_759A
FIR_78201A
FIR_798K913A
FIR_7A
FIR_7B
FIR_808A
FIR_80A
FIR_8221324A
FIR_84616A
FIR_85KA
FIR_8A
FIR_8B
FIR_905A
FIR_94036A
FIR_97A
FIR_991A
FIR_99A
FIR_9A
FIR_9B
FIR_K2KKA
FIR_K51KA
FIR_K747A
FIR_K7K8A
FIR_KA
FIR_KB
FIR_KKK1262A
FJJ_0043262A
FJJ_013A
FJJ_02A
FJJ_0519A
FJJ_0610A
FJJ_0A
FJJ_0B
FJJ_11140A
FJJ_14A
FJJ_1538A
FJJ_185KA
FJJ_1A
FJJ_1B
FJJ_1K84A
FJJ_20124A
FJJ_21A
FJJ_28876A
FJJ_29A
FJJ_2A
FJJ_2B
FJJ_2K54K15A
FJJ_3344525A
FJJ_33A
FJJ_34K3748A
FJJ_37A
FJJ_39A
FJJ_3A
FJJ_3B
FJJ_416A
FJJ_44170A
FJJ_4645A
FJJ_4900A
FJJ_4A
FJJ_4B
FJJ_4KA
FJJ_54A
FJJ_5562886A
FJJ_567A
FJJ_5716K25A
FJJ_57593A
FJJ_5A
FJJ_5B
FJJ_600A
FJJ_63KA
FJJ_65985A
FJJ_67689K1A
FJJ_6A
FJJ_6B
FJJ_6KKK982A
FJJ_72305A
FJJ_7355A
FJJ_7792A
FJJ_7878384A
FJJ_79A
FJJ_7A
FJJ_7B
FJJ_80747A
FJJ_808A
FJJ_810A
FJJ_89A
FJJ_8A
FJJ_8B
FJJ_8K7K5A
FJJ_918KK32A
FJJ_91KA
FJJ_953A
FJJ_97K9A
FJJ_9906A
FJJ_9A
FJJ_9B
FJJ_K47A
FJJ_K61A
FJJ_K651966A
FJJ_K8229A
FJJ_KA
FJJ_KB
FJJ_KK72KA
FJP_0160A
FJP_02A
FJP_0304818A
FJP_0871A
FJP_09A
FJP_0A
FJP_0B
FJP_10638A
FJP_12A
FJP_1434728A
FJP_1732A
FJP_1A
FJP_1B
FJP_1KA
FJP_2339A
FJP_245KK85A
FJP_26259A
FJP_277A
FJP_29K95A
FJP_2A
FJP_2B
FJP_3050A
FJP_31K6657A
FJP_37A
FJP_3820612A
FJP_391A
FJP_3A
FJP_3B
FJP_442A
FJP_4593A
FJP_46A
FJP_48017A
FJP_4A
FJP_4B
FJP_4K4A
FJP_5004469A
FJP_51A
FJP_535A
FJP_54K3A
FJP_5651891A
FJP_5A
FJP_5B
FJP_619KKK7A
FJP_631A
FJP_6736411A
FJP_68K2KA
FJP_6A
FJP_6B
FJP_6K4A
FJP_713KA
FJP_747A
FJP_755K1A
FJP_7852KA
FJP_7A
FJP_7B
FJP_7K962A
FJP_809A
FJP_8320743A
FJP_8667A
FJP_87A
FJP_88942A
FJP_8A
FJP_8B
FJP_94A
FJP_9705215A
FJP_97586A
FJP_9835A
FJP_99A
FJP_9A
FJP_9B
FJP_K149A
FJP_K34A
FJP_K54A
FJP_K6K22A
FJP_K7A
FJP_KA
FJP_KB
FLL_000A
FLL_026A
FLL_0334913A
FLL_05A
FLL_090A
FLL_0A
FLL_0B
FLL_1152K43A
FLL_14A
FLL_1597A
FLL_178A
FLL_1A
FLL_1B
FLL_1KA
FLL_218A
FLL_21A
FLL_23856A
FLL_2412A
FLL_28KKK35A
FLL_2A
FLL_2B
FLL_319A
FLL_32386A
FLL_33198K6A
FLL_3764A
FLL_3A
FLL_3B
FLL_3K1KKA
FLL_4476A
FLL_44K2642A
FLL_46530A
FLL_4885125A
FLL_4887A
FLL_4A
FLL_4B
FLL_51A
FLL_5545A
FLL_57A
FLL_582A
FLL_598A
FLL_5A
FLL_5B
FLL_622979KA
FLL_634A
FLL_67A
FLL_68669A
FLL_68A
FLL_6A
FLL_6B
FLL_71847A
FLL_72A
FLL_7414A
FLL_74360A
FLL_7A
FLL_7B
FLL_7K91K5KA
FLL_8004901A
FLL_80A
FLL_8717A
FLL_894A
FLL_89942A
FLL_8A
FLL_8B
FLL_9060A
FLL_929A
FLL_9395A
FLL_96A
FLL_9935K69A
FLL_9A
FLL_9B
FLL_K1K3KA
FLL_K2KK7A
FLL_K452K96A
FLL_K575KA
FLL_K84KA
FLL_KA
FLL_KB
FLZ_00668A
FLZ_02A
FLZ_0766A
FLZ_0880145A
FLZ_0971602A
FLZ_0A
FLZ_0B
FLZ_10546A
FLZ_12134A
FLZ_13583A
FLZ_1617A
FLZ_1A
FLZ_1B
FLZ_1K2A
FLZ_203A
FLZ_215K4A
FLZ_228A
FLZ_2474822A
FLZ_2529A
FLZ_2A
FLZ_2B
FLZ_32641A
FLZ_3347099A
FLZ_36A
FLZ_3867795A
FLZ_38A
FLZ_3A
FLZ_3B
FLZ_4015A
FLZ_419KK2KA
FLZ_43183A
FLZ_43311A
FLZ_44630A
FLZ_4A
FLZ_4B
FLZ_50A
FLZ_5142K89A
FLZ_51A
FLZ_527A
FLZ_549A
FLZ_5A
FLZ_5B
FLZ_6005A
FLZ_6290A
FLZ_63KK3A
FLZ_6575391A
FLZ_69356K3A
FLZ_6A
FLZ_6B
FLZ_700A
FLZ_73KKA
FLZ_76A
FLZ_77A
FLZ_7A
FLZ_7B
FLZ_7K19A
FLZ_806A
FLZ_81A
FLZ_85K7KA
FLZ_86A
FLZ_8A
FLZ_8B
FLZ_8K4A
FLZ_964A
FLZ_9789267A
FLZ_9882A
FLZ_98A
FLZ_9920372A
FLZ_9A
FLZ_9B
FLZ_K5A
FLZ_K617A
FLZ_K6K1A
FLZ_K78A
FLZ_KA
FLZ_KB
FLZ_KK9A
FMT_0027020A
FMT_0073A
FMT_065A
FMT_07409A
FMT_0813A
FMT_0A
FMT_0B
FMT_10A
FMT_1178432A
FMT_181K6A
FMT_1889538A
FMT_19A
FMT_1A
FMT_1B
FMT_2048304A
FMT_23K2429A
FMT_267A
FMT_29A
FMT_2A
FMT_2B
FMT_2K71A
FMT_34377A
FMT_34A
FMT_3567A
FMT_393A
FMT_3A
FMT_3B
FMT_3KK7K19A
FMT_4132A
FMT_4268009A
FMT_459KA
FMT_472A
FMT_498A
FMT_4A
FMT_4B
FMT_5163355A
FMT_5278A
FMT_54015A
FMT_5575039A
FMT_5857A
FMT_5A
FMT_5B
FMT_60A
FMT_61486A
FMT_66KA
FMT_6925A
FMT_6A
FMT_6B
FMT_6KA
FMT_711A
FMT_740A
FMT_751A
FMT_76208A
FMT_7936A
FMT_7A
FMT_7B
FMT_80012A
FMT_82858A
FMT_862441KA
FMT_8763A
FMT_8A
FMT_8B
FMT_8KA
FMT_90549A
FMT_90A
FMT_91A
FMT_946A
FMT_99A
FMT_9A
FMT_9B
FMT_K216KA
FMT_K4528A
FMT_K5A
FMT_K5KA
FMT_K614773A
FMT_KA
FMT_KB
FNT_00A
FNT_04A
FNT_0770A
FNT_0834A
FNT_0970A
FNT_0A
FNT_0B
FNT_11007A
FNT_1249267A
FNT_15KA
FNT_1849965A
FNT_1A
FNT_1B
FNT_1KKK1A
FNT_21617A
FNT_2519199A
FNT_25A
FNT_26287A
FNT_29KA
FNT_2A
FNT_2B
FNT_3027469A
FNT_30A
FNT_310A
FNT_32K76A
FNT_3A
FNT_3B
FNT_3K5A
FNT_4060A
FNT_437A
FNT_44A
FNT_482A
FNT_486A
FNT_4A
FNT_4B
FNT_5363A
FNT_53A
FNT_5422889A
FNT_5465A
FNT_56414A
FNT_5A
FNT_5B
FNT_6201800A
FNT_632A
FNT_66113K3A
FNT_66A
FNT_672A
FNT_6A
FNT_6B
FNT_7142A
FNT_71551K3A
FNT_75505A
FNT_785A
FNT_7933A
FNT_7A
FNT_7B
FNT_80817A
FNT_8124A
FNT_868K6K6A
FNT_8968358A
FNT_8A
FNT_8B
FNT_8KA
FNT_90060A
FNT_90598A
FNT_916A
FNT_9527884A
FNT_98A
FNT_9A
FNT_9B
FNT_K1A
FNT_K452A
FNT_K858A
FNT_KA
FNT_KB
FNT_KK738A
FNT_KKA
FNW_01034A
FNW_0178A
FNW_059A
FNW_0873A
FNW_09275A
FNW_0A
FNW_0B
FNW_10A
FNW_116A
FNW_15A
FNW_174A
FNW_1980A
FNW_1A
FNW_1B
FNW_22123A
FNW_24A
FNW_2504667A
FNW_25184A
FNW_2A
FNW_2B
FNW_2K66A
FNW_31A
FNW_357A
FNW_367A
FNW_3812A
FNW_3A
FNW_3B
FNW_3KKA
FNW_41641A
FNW_428A
FNW_47A
FNW_49A
FNW_4A
FNW_4B
FNW_4K56KA
FNW_5089376A
FNW_5328309A
FNW_5453949A
FNW_58631K7A
FNW_5968A
FNW_5A
FNW_5B
FNW_62K7614A
FNW_63A
FNW_6557A
FNW_6A
FNW_6B
FNW_6K5KA
FNW_6KA
FNW_713A
FNW_72A
FNW_747A
FNW_75444A
FNW_77A
FNW_7A
FNW_7B
FNW_829A
FNW_86920A
FNW_87K88A
FNW_8A
FNW_8B
FNW_8K4KA
FNW_8K819A
FNW_90658A
FNW_9113884A
FNW_9427KKKA
FNW_98A
FNW_9A
FNW_9B
FNW_9K3KA
FNW_K297395A
FNW_K35521KA
FNW_K6K1569A
FNW_K971A
FNW_KA
FNW_KB
FNW_KK1A
FOB_0120A
FOB_01A
FOB_0784400A
FOB_0895402A
FOB_0900500A
FOB_0A
FOB_0B
FOB_1241A
FOB_1514A
FOB_1672A
FOB_169A
FOB_190A
FOB_1A
FOB_1B
FOB_20A
FOB_2599KA
FOB_2642110A
FOB_28077A
FOB_2A
FOB_2B
FOB_2K4A
FOB_3052336A
FOB_34833A
FOB_36K3A
FOB_398A
FOB_39A
FOB_3A
FOB_3B
FOB_41A
FOB_4597A
FOB_46996A
FOB_474A
FOB_48143A
FOB_4A
FOB_4B
FOB_50A
FOB_53786A
FOB_55A
FOB_57494A
FOB_57A
FOB_5A
FOB_5B
FOB_61138K3A
FOB_6325KKKA
FOB_635A
FOB_64471A
FOB_6685A
FOB_6A
FOB_6B
FOB_70465A
FOB_73K2A
FOB_79153A
FOB_7938931A
FOB_7A
FOB_7B
FOB_7K29213A
FOB_8061002A
FOB_8327A
FOB_84A
FOB_852A
FOB_8A
FOB_8B
FOB_8KA
FOB_9222A
FOB_94A
FOB_95KA
FOB_98A
FOB_9A
FOB_9B
FOB_9K45191A
FOB_K1KA
FOB_K77A
FOB_K9626A
FOB_K972A
FOB_KA
FOB_KB
FOB_KK5A
FOC_000A
FOC_0204057A
FOC_0290632A
FOC_0416A
FOC_0799492A
FOC_0A
FOC_0B
FOC_11A
FOC_14233A
FOC_186A
FOC_19A
FOC_1A
FOC_1B
FOC_1K6K4A
FOC_227A
FOC_248KA
FOC_27A
FOC_2A
FOC_2B
FOC_2K1A
FOC_2K2A
FOC_30314A
FOC_338A
FOC_3493671A
FOC_34A
FOC_3A
FOC_3B
FOC_3K83628A
FOC_4030901A
FOC_42526A
FOC_45A
FOC_4600A
FOC_47A
FOC_4A
FOC_4B
FOC_5098415A
FOC_5170075A
FOC_5596A
FOC_56A
FOC_5785838A
FOC_5A
FOC_5B
FOC_6015123A
FOC_65K99A
FOC_6921139A
FOC_69610A
FOC_6A
FOC_6B
FOC_6K2A
FOC_706A
FOC_72A
FOC_7439A
FOC_74479A
FOC_76829A
FOC_7A
FOC_7B
FOC_810A
FOC_8173A
FOC_877KA
FOC_88437A
FOC_89A
FOC_8A
FOC_8B
FOC_90805A
FOC_948A
FOC_954A
FOC_97A
FOC_9821A
FOC_9A
FOC_9B
FOC_K1A
FOC_K464KA
FOC_K716A
FOC_KA
FOC_KB
FOC_KK78A
FOC_KKK5A
FPD_0150A
FPD_021A
FPD_03617A
FPD_08029A
FPD_0996A
FPD_0A
FPD_0B
FPD_1045841A
FPD_1219824A
FPD_140A
FPD_1817A
FPD_1A
FPD_1B
FPD_1KK85A
FPD_20A
FPD_26400A
FPD_2705A
FPD_298677KA
FPD_2A
FPD_2B
FPD_2KA
FPD_31373A
FPD_322A
FPD_37800A
FPD_3872A
FPD_3A
FPD_3B
FPD_3K1A
FPD_41147A
FPD_44A
FPD_4693471A
FPD_48A
FPD_4A
FPD_4B
FPD_4K15KA
FPD_5167A
FPD_52A
FPD_5548359A
FPD_5576A
FPD_56K26K9A
FPD_5A
FPD_5B
FPD_601A
FPD_6107194A
FPD_649A
FPD_653KKA
FPD_69A
FPD_6A
FPD_6B
FPD_74253A
FPD_75465A
FPD_7666063A
FPD_7797KK4A
FPD_783A
FPD_7A
FPD_7B
FPD_8074A
FPD_851A
FPD_862A
FPD_884A
FPD_89A
FPD_8A
FPD_8B
FPD_91A
FPD_9305A
FPD_9525A
FPD_95A
FPD_9A
FPD_9B
FPD_9KK6816A
FPD_K362879A
FPD_K6A
FPD_K72A
FPD_K8A
FPD_K9K7A
FPD_KA
FPD_KB
FPI_0001575A
FPI_02852A
FPI_06810A
FPI_071A
FPI_09339A
FPI_0A
FPI_0B
FPI_1046058A
FPI_137A
FPI_1838512A
FPI_18A
FPI_1916A
FPI_1A
FPI_1B
FPI_21617K8A
FPI_22KA
FPI_23KA
FPI_243A
FPI_297KA
FPI_2A
FPI_2B
FPI_315A
FPI_32KK73KA
FPI_36A
FPI_37113A
FPI_3A
FPI_3B
FPI_3K325A
FPI_41A
FPI_45334A
FPI_476KK74A
FPI_4992A
FPI_4A
FPI_4B
FPI_4KA
FPI_527A
FPI_55K8A
FPI_5734A
FPI_5805A
FPI_5A
FPI_5B
FPI_5K1K295A
FPI_617A
FPI_63559A
FPI_67A
FPI_69A
FPI_6A
FPI_6B
FPI_6K5A
FPI_7006A
FPI_7088A
FPI_726A
FPI_76A
FPI_79904A
FPI_7A
FPI_7B
FPI_80391A
FPI_8112142A
FPI_822A
FPI_8631475A
FPI_8695A
FPI_8A
FPI_8B
FPI_93623A
FPI_94A
FPI_94K5K65A
FPI_96A
FPI_97A
FPI_9A
FPI_9B
FPI_K19K3A
FPI_K2A
FPI_K9K4A
FPI_KA
FPI_KB
FPI_KK67728A
FPI_KK92A
FPT_000A
FPT_01090A
FPT_0113A
FPT_0698A
FPT_07A
FPT_0A
FPT_0B
FPT_1195A
FPT_12597A
FPT_140A
FPT_17A
FPT_1A
FPT_1B
FPT_1K14A
FPT_2163A
FPT_24456A
FPT_25A
FPT_26KA
FPT_29A
FPT_2A
FPT_2B
FPT_36134A
FPT_36768K9A
FPT_3703152A
FPT_3912A
FPT_3A
FPT_3B
FPT_3KA
FPT_4200271A
FPT_42354A
FPT_45A
FPT_4659330A
FPT_47106A
FPT_4A
FPT_4B
FPT_510A
FPT_5486202A
FPT_57034A
FPT_5765A
FPT_58A
FPT_5A
FPT_5B
FPT_618A
FPT_64496A
FPT_6605041A
FPT_664A
FPT_685A
FPT_6A
FPT_6B
FPT_72805A
FPT_72KA
FPT_7419KA
FPT_7553973A
FPT_75A
FPT_7A
FPT_7B
FPT_8043A
FPT_832A
FPT_87324K6A
FPT_87A
FPT_8893A
FPT_8A
FPT_8B
FPT_943KKA
FPT_9553851A
FPT_9923781A
FPT_998A
FPT_9A
FPT_9B
FPT_9KK2946A
FPT_K778A
FPT_K79KA
FPT_K84A
FPT_K9A
FPT_KA
FPT_KB
FPT_KKA
FPY_00A
FPY_026A
FPY_0370A
FPY_0859792A
FPY_09A
FPY_0A
FPY_0B
FPY_1535A
FPY_1660170A
FPY_1962A
FPY_1A
FPY_1B
FPY_1KA
FPY_1KKA
FPY_22742A
FPY_24A
FPY_2850549A
FPY_297K4A
FPY_2A
FPY_2B
FPY_2K77A
FPY_30067A
FPY_33A
FPY_3491070A
FPY_36765A
FPY_373A
FPY_3A
FPY_3B
FPY_4129A
FPY_43KA
FPY_448A
FPY_46235A
FPY_4A
FPY_4B
FPY_4K98K72A
FPY_5389K65A
FPY_545A
FPY_55618A
FPY_5782420A
FPY_59K5A
FPY_5A
FPY_5B
FPY_6384A
FPY_63A
FPY_6409A
FPY_6861731A
FPY_6A
FPY_6B
FPY_6KA
FPY_751A
FPY_76KA
FPY_77A
FPY_783A
FPY_7991306A
FPY_7A
FPY_7B
FPY_815522KA
FPY_82A
FPY_87194A
FPY_8746A
FPY_884K8A
FPY_8A
FPY_8B
FPY_9014A
FPY_927A
FPY_932A
FPY_95K3A
FPY_98K8KA
FPY_9A
FPY_9B
FPY_K2581A
FPY_K3A
FPY_K4A
FPY_K5KKKA
FPY_K69KK93A
FPY_KA
FPY_KB
FPZ_03068A
FPZ_0400901A
FPZ_04A
FPZ_05A
FPZ_08755A
FPZ_0A
FPZ_0B
FPZ_113K283A
FPZ_12A
FPZ_1443A
FPZ_15284A
FPZ_178A
FPZ_1A
FPZ_1B
FPZ_21KA
FPZ_24K6A
FPZ_27KKA
FPZ_2907A
FPZ_2922A
FPZ_2A
FPZ_2B
FPZ_3369644A
FPZ_34943A
FPZ_35A
FPZ_3810173A
FPZ_3816340A
FPZ_3A
FPZ_3B
FPZ_4006A
FPZ_416A
FPZ_45A
FPZ_477A
FPZ_4826723A
FPZ_4A
FPZ_4B
FPZ_5086A
FPZ_53783A
FPZ_54624A
FPZ_56K7A
FPZ_58A
FPZ_5A
FPZ_5B
FPZ_60313A
FPZ_6052A
FPZ_612A
FPZ_66K1A
FPZ_67A
FPZ_6A
FPZ_6B
FPZ_7250A
FPZ_73951A
FPZ_748K9A
FPZ_77A
FPZ_79A
FPZ_7A
FPZ_7B
FPZ_849A
FPZ_85A
FPZ_85K658KA
FPZ_8765KA
FPZ_894A
FPZ_8A
FPZ_8B
FPZ_9180207A
FPZ_923A
FPZ_935A
FPZ_9547688A
FPZ_9639700A
FPZ_9A
FPZ_9B
FPZ_K19KK21A
FPZ_K3KA
FPZ_K53A
FPZ_K822KA
FPZ_KA
FPZ_KB
FPZ_KKA
FRA_00803A
FRA_02272A
FRA_044A
FRA_0603A
FRA_09A
FRA_0A
FRA_0B
FRA_11A
FRA_1386587A
FRA_16A
FRA_1874001A
FRA_1A
FRA_1B
FRA_1KA
FRA_21A
FRA_223KA
FRA_24KA
FRA_2607680A
FRA_275A
FRA_2A
FRA_2B
FRA_31A
FRA_3200A
FRA_32KA
FRA_3425A
FRA_39KK2A
FRA_3A
FRA_3B
FRA_405A
FRA_43561A
FRA_4547651A
FRA_464A
FRA_4A
FRA_4B
FRA_4K1A
FRA_5081A
FRA_512A
FRA_5355A
FRA_56A
FRA_5983A
FRA_5A
FRA_5B
FRA_6060A
FRA_6268K97A
FRA_637K2A
FRA_669A
FRA_6714A
FRA_6A
FRA_6B
FRA_71883A
FRA_757A
FRA_77K6691A
FRA_7810530A
FRA_79502A
FRA_7A
FRA_7B
FRA_8236341A
FRA_8480A
FRA_84A
FRA_889A
FRA_89A
FRA_8A
FRA_8B
FRA_93K3858A
FRA_94A
FRA_9673309A
FRA_97A
FRA_9901200A
FRA_9A
FRA_9B
FRA_K199A
FRA_K5282A
FRA_K5736A
FRA_KA
FRA_KB
FRA_KK85KA
FRA_KKK77A
FRB_0042349A
FRB_013A
FRB_0540A
FRB_09006A
FRB_09A
FRB_0A
FRB_0B
FRB_101A
FRB_10486A
FRB_1449A
FRB_1611712A
FRB_1966A
FRB_1A
FRB_1B
FRB_20A
FRB_2132052A
FRB_2280A
FRB_2290745A
FRB_24589A
FRB_2A
FRB_2B
FRB_3636A
FRB_378KA
FRB_39A
FRB_3A
FRB_3B
FRB_3K7A
FRB_3KA
FRB_4031A
FRB_42A
FRB_43418A
FRB_473112KA
FRB_4899KK9A
FRB_4A
FRB_4B
FRB_508A
FRB_5195916A
FRB_55984A
FRB_57353A
FRB_57K7A
FRB_5A
FRB_5B
FRB_6439A
FRB_65KK4A
FRB_692A
FRB_69A
FRB_6A
FRB_6B
FRB_6KA
FRB_7261A
FRB_7292767A
FRB_77185A
FRB_78A
FRB_7A
FRB_7B
FRB_7KA
FRB_806A
FRB_81K56A
FRB_85814A
FRB_8790024A
FRB_8830A
FRB_8A
FRB_8B
FRB_946A
FRB_9754K23A
FRB_975A
FRB_988A
FRB_996A
FRB_9A
FRB_9B
FRB_K538K62A
FRB_K8A
FRB_K91A
FRB_KA
FRB_KB
FRB_KK847A
FRB_KKA
FRI_00190A
FRI_0282A
FRI_0393091A
FRI_0567A
FRI_0751350A
FRI_0A
FRI_0B
FRI_10881A
FRI_121A
FRI_19KA
FRI_1A
FRI_1B
FRI_1K4K2A
FRI_1KK6617A
FRI_2324A
FRI_2483655A
FRI_27631A
FRI_29047A
FRI_29391A
FRI_2A
FRI_2B
FRI_3055060A
FRI_3318A
FRI_34A
FRI_3749668A
FRI_380A
FRI_3A
FRI_3B
FRI_416A
FRI_42151A
FRI_44A
FRI_4598A
FRI_4A
FRI_4B
FRI_4K9A
FRI_5257962A
FRI_5336895A
FRI_54A
FRI_57A
FRI_5983A
FRI_5A
FRI_5B
FRI_604A
FRI_63A
FRI_658A
FRI_67K99A
FRI_69460A
FRI_6A
FRI_6B
FRI_72K3489A
FRI_7358A
FRI_77A
FRI_77B
FRI_7A
FRI_7B
FRI_7KK8A
FRI_80A
FRI_820A
FRI_84A
FRI_853K1A
FRI_862A
FRI_8A
FRI_8B
FRI_900A
FRI_942K26KA
FRI_9526A
FRI_975A
FRI_97992A
FRI_9A
FRI_9B
FRI_K1A
FRI_K464A
FRI_K5A
FRI_K87KK3KA
FRI_KA
FRI_KB
FRI_KK78A
FRP_0042A
FRP_00969A
FRP_00A
FRP_018A
FRP_01A
FRP_0A
FRP_0B
FRP_1363A
FRP_15320A
FRP_156267KA
FRP_173K1A
FRP_1A
FRP_1B
FRP_1K17A
FRP_212A
FRP_22A
FRP_2411A
FRP_2820343A
FRP_2935K8KA
FRP_2A
FRP_2B
FRP_31A
FRP_338A
FRP_3664A
FRP_373KA
FRP_39834A
FRP_3A
FRP_3B
FRP_4057A
FRP_4250079A
FRP_435A
FRP_44823A
FRP_47060A
FRP_4A
FRP_4B
FRP_52KA
FRP_531K766A
FRP_5454846A
FRP_5578A
FRP_5A
FRP_5B
FRP_5K25A
FRP_6408A
FRP_65908A
FRP_686A
FRP_6907210A
FRP_6A
FRP_6B
FRP_6KA
FRP_706A
FRP_7246A
FRP_74A
FRP_7794971A
FRP_7A
FRP_7B
FRP_7K5A
FRP_8030511A
FRP_812A
FRP_81A
FRP_83304A
FRP_8A
FRP_8B
FRP_8KA
FRP_9145289A
FRP_914A
FRP_922KKK6A
FRP_94K9KA
FRP_95674A
FRP_9A
FRP_9B
FRP_K2A
FRP_K3A
FRP_K5168A
FRP_K63A
FRP_K9A
FRP_KA
FRP_KB
FRR_00736A
FRR_0220600A
FRR_0274A
FRR_0619708A
FRR_0952099A
FRR_0A
FRR_0B
FRR_101A
FRR_13A
FRR_1473533A
FRR_172A
FRR_1911446A
FRR_1A
FRR_1B
FRR_24K52A
FRR_26555A
FRR_282A
FRR_290A
FRR_29A
FRR_2A
FRR_2B
FRR_32421A
FRR_33031A
FRR_36905A
FRR_3701641A
FRR_39KA
FRR_3A
FRR_3B
FRR_434A
FRR_43A
FRR_47A
FRR_4876A
FRR_4915A
FRR_4A
FRR_4B
FRR_54A
FRR_5821A
FRR_59K2A
FRR_5A
FRR_5B
FRR_5K26KA
FRR_5K31KK4A
FRR_6046A
FRR_62793A
FRR_635A
FRR_68A
FRR_6A
FRR_6B
FRR_6K88A
FRR_71A
FRR_72A
FRR_7513KA
FRR_7932A
FRR_7A
FRR_7B
FRR_7K57A
FRR_804A
FRR_81A
FRR_83966A
FRR_889922KA
FRR_8A
FRR_8B
FRR_8K6983KA
FRR_92587A
FRR_9400A
FRR_951A
FRR_9641770A
FRR_98A
FRR_9A
FRR_9B
FRR_K12A
FRR_K1A
FRR_K75A
FRR_K849768A
FRR_K945A
FRR_KA
FRR_KB
FRT_0090401A
FRT_026A
FRT_0606626A
FRT_0784369A
FRT_07A
FRT_0A
FRT_0B
FRT_1130A
FRT_15221A
FRT_16K4359A
FRT_171A
FRT_1737KA
FRT_1A
FRT_1B
FRT_200A
FRT_2304A
FRT_2440989A
FRT_2947574A
FRT_2A
FRT_2B
FRT_2K4A
FRT_31A
FRT_3297285A
FRT_33880A
FRT_34624A
FRT_3A
FRT_3B
FRT_3K3A
FRT_40A
FRT_4181A
FRT_45487A
FRT_455A
FRT_48KKA
FRT_4A
FRT_4B
FRT_5164KA
FRT_51KK5A
FRT_5323919A
FRT_55785A
FRT_56A
FRT_5A
FRT_5B
FRT_61A
FRT_63A
FRT_6477A
FRT_6560312A
FRT_6738A
FRT_6A
FRT_6B
FRT_705A
FRT_7658A
FRT_79414A
FRT_79A
FRT_7A
FRT_7B
FRT_7K95A
FRT_80A
FRT_819A
FRT_8449KA
FRT_88728A
FRT_892A
FRT_8A
FRT_8B
FRT_9120A
FRT_93A
FRT_9674A
FRT_986A
FRT_9A
FRT_9B
FRT_9K69537A
FRT_K1A
FRT_K1KA
FRT_K583668A
FRT_K61KA
FRT_KA
FRT_KB
FRT_KKA
FRU_00328A
FRU_01093A
FRU_02A
FRU_0506146A
FRU_055A
FRU_0A
FRU_0B
FRU_1155A
FRU_12936A
FRU_16A
FRU_17K3KA
FRU_1A
FRU_1B
FRU_1KA
FRU_2148A
FRU_2153A
FRU_25827A
FRU_2652K73A
FRU_2670049A
FRU_2A
FRU_2B
FRU_313K1A
FRU_3524A
FRU_36A
FRU_38A
FRU_3A
FRU_3B
FRU_3KA
FRU_41237A
FRU_4286A
FRU_433A
FRU_4691196A
FRU_47A
FRU_4A
FRU_4B
FRU_502A
FRU_5632A
FRU_578A
FRU_57A
FRU_594A
FRU_5A
FRU_5B
FRU_604A
FRU_633A
FRU_644A
FRU_6599A
FRU_6858096A
FRU_6A
FRU_6B
FRU_7039508A
FRU_72K16A
FRU_740A
FRU_7925A
FRU_7A
FRU_7B
FRU_7K835A
FRU_849A
FRU_84A
FRU_86K44A
FRU_88A
FRU_8A
FRU_8B
FRU_8K2KA
FRU_91KK237A
FRU_9489K39A
FRU_9751956A
FRU_9827717A
FRU_99001A
FRU_9A
FRU_9B
FRU_K4A
FRU_K547A
FRU_K834A
FRU_K9K7818A
FRU_KA
FRU_KB
FRU_KK6A
FRY_0388A
FRY_04A
FRY_0514084A
FRY_064A
FRY_09A
FRY_0A
FRY_0B
FRY_1047A
FRY_13459A
FRY_1671281A
FRY_1718061A
FRY_1974A
FRY_1A
FRY_1B
FRY_2113901A
FRY_23A
FRY_255575KA
FRY_26A
FRY_2796A
FRY_2A
FRY_2B
FRY_3010846A
FRY_30A
FRY_32958A
FRY_383A
FRY_3A
FRY_3B
FRY_3KA
FRY_4007600A
FRY_4402A
FRY_4635A
FRY_48A
FRY_490A
FRY_4A
FRY_4B
FRY_5020A
FRY_52335A
FRY_547A
FRY_574A
FRY_59A
FRY_5A
FRY_5B
FRY_629A
FRY_6366KA
FRY_6443A
FRY_6516A
FRY_69791KKA
FRY_6A
FRY_6B
FRY_7268612A
FRY_754A
FRY_76958A
FRY_78362A
FRY_7A
FRY_7B
FRY_7KKA
FRY_85003A
FRY_8689A
FRY_87009A
FRY_882A
FRY_8A
FRY_8B
FRY_8KKK5K4A
FRY_920A
FRY_92A
FRY_933A
FRY_9370780A
FRY_96A
FRY_9A
FRY_9B
FRY_K1172A
FRY_K1982A
FRY_K2273A
FRY_K5A
FRY_K673A
FRY_KA
FRY_KB
FSK_006A
FSK_019A
FSK_0249A
FSK_03A
FSK_09A
FSK_0A
FSK_0B
FSK_1040A
FSK_11KA
FSK_1451A
FSK_1469A
FSK_1A
FSK_1B
FSK_1KK8A
FSK_2012A
FSK_2291577A
FSK_2343784A
FSK_2816080A
FSK_2A
FSK_2B
FSK_2K626A
FSK_30A
FSK_35023A
FSK_3533A
FSK_3A
FSK_3B
FSK_3K17A
FSK_3KA
FSK_413A
FSK_43220A
FSK_4596A
FSK_4656A
FSK_477A
FSK_4A
FSK_4B
FSK_52924A
FSK_548A
FSK_54A
FSK_57532A
FSK_5887908A
FSK_5A
FSK_5B
FSK_618K34KA
FSK_6650036A
FSK_68A
FSK_69738A
FSK_6A
FSK_6B
FSK_6K86644A
FSK_70A
FSK_718A
FSK_755KA
FSK_785A
FSK_7A
FSK_7B
FSK_7K7A
FSK_80607A
FSK_84700A
FSK_88A
FSK_89891A
FSK_8A
FSK_8B
FSK_8K73639A
FSK_93995A
FSK_93A
FSK_9442583A
FSK_996A
FSK_9A
FSK_9B
FSK_9KK6215A
FSK_K281KA
FSK_K2A
FSK_K4A
FSK_K4KA
FSK_KA
FSK_KB
FSK_KK5K161A
FSS_0105076A
FSS_0192484A
FSS_0207A
FSS_0453A
FSS_09A
FSS_0A
FSS_0B
FSS_1175A
FSS_14396A
FSS_1474349A
FSS_152A
FSS_1A
FSS_1B
FSS_1KKA
FSS_2099700A
FSS_22A
FSS_26739A
FSS_2726A
FSS_2855A
FSS_2A
FSS_2B
FSS_3212060A
FSS_32A
FSS_3310A
FSS_3822A
FSS_3A
FSS_3B
FSS_3K47A
FSS_41A
FSS_41B
FSS_427A
FSS_4A
FSS_4B
FSS_4K7A
FSS_4K9178KA
FSS_51A
FSS_523A
FSS_5656A
FSS_571A
FSS_5961368A
FSS_5A
FSS_5B
FSS_61624A
FSS_638K8A
FSS_63KK651A
FSS_64A
FSS_66K82A
FSS_6A
FSS_6B
FSS_7045A
FSS_729A
FSS_769KA
FSS_77331A
FSS_7A
FSS_7B
FSS_7K58799A
FSS_83742A
FSS_83A
FSS_8444878A
FSS_86A
FSS_88690A
FSS_8A
FSS_8B
FSS_91A
FSS_925A
FSS_93A
FSS_946A
FSS_9718121A
FSS_9A
FSS_9B
FSS_K18A
FSS_K255KA
FSS_K3KK4A
FSS_K754KA
FSS_KA
FSS_KB
FSS_KK9A
FTL_02230A
FTL_032A
FTL_05A
FTL_06349A
FTL_086A
FTL_0A
FTL_0B
FTL_111A
FTL_1227K33A
FTL_146A
FTL_17441KKA
FTL_19A
FTL_1A
FTL_1B
FTL_20A
FTL_210A
FTL_234A
FTL_2452A
FTL_29A
FTL_2A
FTL_2B
FTL_3065A
FTL_352K8A
FTL_3583A
FTL_3964547A
FTL_3A
FTL_3B
FTL_3K93A
FTL_413A
FTL_4439001A
FTL_491A
FTL_4A
FTL_4B
FTL_4K485A
FTL_4K6KA
FTL_50012A
FTL_5162685A
FTL_56286A
FTL_57A
FTL_59A
FTL_5A
FTL_5B
FTL_61A
FTL_65A
FTL_67669A
FTL_6A
FTL_6B
FTL_6K2K537A
FTL_6K74A
FTL_70048A
FTL_71K9A
FTL_72A
FTL_7820A
FTL_789A
FTL_7A
FTL_7B
FTL_80A
FTL_810A
FTL_81996A
FTL_8726A
FTL_8870975A
FTL_8A
FTL_8B
FTL_90798A
FTL_918K6A
FTL_927A
FTL_9425316A
FTL_9A
FTL_9B
FTL_9KKKK43A
FTL_K158A
FTL_K337361A
FTL_K515A
FTL_K777136A
FTL_K8A
FTL_KA
FTL_KB
FTY_00237A
FTY_0120041A
FTY_0652625A
FTY_06A
FTY_0894726A
FTY_0A
FTY_0B
FTY_10A
FTY_11KKA
FTY_13A
FTY_1889597A
FTY_19969A
FTY_1A
FTY_1B
FTY_207A
FTY_213A
FTY_2278361A
FTY_277A
FTY_292A
FTY_2A
FTY_2B
FTY_3233K85A
FTY_3573A
FTY_36A
FTY_384A
FTY_3A
FTY_3B
FTY_3KK4A
FTY_412A
FTY_42287A
FTY_43763A
FTY_475A
FTY_49A
FTY_4A
FTY_4B
FTY_51464A
FTY_545A
FTY_5462070A
FTY_59A
FTY_5A
FTY_5B
FTY_5K28K56A
FTY_6719A
FTY_682KK95A
FTY_6866A
FTY_69A
FTY_6A
FTY_6B
FTY_6KA
FTY_7009A
FTY_71KA
FTY_7844KA
FTY_79766A
FTY_7A
FTY_7B
FTY_7KK4KA
FTY_8090299A
FTY_81A
FTY_82486A
FTY_8A
FTY_8B
FTY_8K581A
FTY_8K98A
FTY_92165K1A
FTY_942A
FTY_9604A
FTY_9858A
FTY_9A
FTY_9B
FTY_9K34KA
FTY_K1A
FTY_K25A
FTY_K638A
FTY_K673A
FTY_K7A
FTY_KA
FTY_KB
FWM_004A
FWM_03A
FWM_0461400A
FWM_0750288A
FWM_0830365A
FWM_0A
FWM_0B
FWM_141A
FWM_1556KA
FWM_16755A
FWM_169A
FWM_1885029A
FWM_1A
FWM_1B
FWM_21A
FWM_22123A
FWM_23108A
FWM_26KA
FWM_2A
FWM_2B
FWM_2K62A
FWM_30A
FWM_32K18KKA
FWM_3600964A
FWM_38987A
FWM_3A
FWM_3B
FWM_3K335A
FWM_4226381A
FWM_43A
FWM_46A
FWM_47972A
FWM_4915A
FWM_4A
FWM_4B
FWM_51178A
FWM_527A
FWM_580A
FWM_59A
FWM_5A
FWM_5B
FWM_5K77A
FWM_6061A
FWM_6501A
FWM_66454A
FWM_66A
FWM_689K573A
FWM_6A
FWM_6B
FWM_7113480A
FWM_71A
FWM_728A
FWM_7481K25A
FWM_79A
FWM_7A
FWM_7B
FWM_827A
FWM_8410A
FWM_86206A
FWM_8684A
FWM_87324A
FWM_8A
FWM_8B
FWM_91A
FWM_9296782A
FWM_92A
FWM_931A
FWM_9574A
FWM_9A
FWM_9B
FWM_K19A
FWM_K34A
FWM_K7K2A
FWM_K944A
FWM_KA
FWM_KB
FWM_KKK4A
FWP_00A
FWP_037A
FWP_06169A
FWP_08448A
FWP_097A
FWP_0A
FWP_0B
FWP_102A
FWP_14A
FWP_1528A
FWP_1736KA
FWP_17907A
FWP_1A
FWP_1B
FWP_2001083A
FWP_21300A
FWP_240A
FWP_25104A
FWP_26A
FWP_2A
FWP_2B
FWP_31KA
FWP_33A
FWP_3528457A
FWP_3983490A
FWP_3A
FWP_3B
FWP_3KKA
FWP_43700A
FWP_446A
FWP_451A
FWP_4727A
FWP_4A
FWP_4B
FWP_4KK6432A
FWP_54A
FWP_55K68K3A
FWP_56A
FWP_58A
FWP_59A
FWP_5A
FWP_5B
FWP_63206A
FWP_633KA
FWP_64122K1A
FWP_6547A
FWP_6704A
FWP_6A
FWP_6B
FWP_75942A
FWP_76035A
FWP_7712719A
FWP_779A
FWP_7A
FWP_7B
FWP_7K5A
FWP_8053A
FWP_8146501A
FWP_8240958A
FWP_8613A
FWP_8875A
FWP_8A
FWP_8B
FWP_92A
FWP_95A
FWP_96A
FWP_9731925A
FWP_9A
FWP_9B
FWP_9K7KA
FWP_K236A
FWP_K811A
FWP_K9485A
FWP_K96A
FWP_KA
FWP_KB
FYU_008A
FYU_0187A
FYU_01A
FYU_02A
FYU_04200A
FYU_0A
FYU_0B
FYU_1100907A
FYU_1332A
FYU_1894435A
FYU_199A
FYU_19A
FYU_1A
FYU_1B
FYU_200A
FYU_2031A
FYU_2306805A
FYU_265A
FYU_28A
FYU_2A
FYU_2B
FYU_3037A
FYU_31576A
FYU_3399374A
FYU_3414A
FYU_3A
FYU_3B
FYU_3KA
FYU_40A
FYU_4351A
FYU_4602A
FYU_4A
FYU_4B
FYU_4K22739A
FYU_4K48898A
FYU_54450A
FYU_55404A
FYU_56K8698A
FYU_583A
FYU_595A
FYU_5A
FYU_5B
FYU_6112A
FYU_617K7A
FYU_63472A
FYU_6551214A
FYU_66A
FYU_6A
FYU_6B
FYU_706A
FYU_7076A
FYU_72A
FYU_777KKA
FYU_78A
FYU_7A
FYU_7B
FYU_84A
FYU_850A
FYU_866A
FYU_87823A
FYU_882A
FYU_8A
FYU_8B
FYU_9242845A
FYU_9257A
FYU_938A
FYU_96491A
FYU_9A
FYU_9B
FYU_9K36K36A
FYU_K1KK9A
FYU_K41K5K6A
FYU_K8K27A
FYU_K958A
FYU_KA
FYU_KB
FYU_KKA
FZB_0258640A
FZB_02978A
FZB_0450A
FZB_04964A
FZB_05A
FZB_0A
FZB_0B
FZB_131A
FZB_1393254A
FZB_143K923A
FZB_170A
FZB_1788A
FZB_1A
FZB_1B
FZB_2066120A
FZB_2168A
FZB_235A
FZB_247A
FZB_26K245KA
FZB_2A
FZB_2B
FZB_3001537A
FZB_33A
FZB_36A
FZB_37980A
FZB_39KKA
FZB_3A
FZB_3B
FZB_405A
FZB_41621A
FZB_4182875A
FZB_426A
FZB_47K67A
FZB_4A
FZB_4B
FZB_51A
FZB_532A
FZB_57667A
FZB_584A
FZB_5A
FZB_5B
FZB_5KKA
FZB_60A
FZB_61A
FZB_6229A
FZB_63K4638A
FZB_6994800A
FZB_6A
FZB_6B
FZB_700A
FZB_74898A
FZB_76593A
FZB_77A
FZB_7A
FZB_7B
FZB_7K1K36KA
FZB_81A
FZB_8311A
FZB_8435A
FZB_8771A
FZB_889KA
FZB_8A
FZB_8B
FZB_9083A
FZB_91556A
FZB_91906A
FZB_95A
FZB_97A
FZB_9A
FZB_9B
FZB_K2K5A
FZB_K444KK8A
FZB_K573KA
FZB_K74A
FZB_K9A
FZB_KA
FZB_KB
FZC_0008074A
FZC_00A
FZC_0363A
FZC_0656576A
FZC_06793A
FZC_0A
FZC_0B
FZC_10A
FZC_12900A
FZC_14A
FZC_16A
FZC_194A
FZC_1A
FZC_1B
FZC_2027755A
FZC_2218KK4A
FZC_224A
FZC_233A
FZC_2615K59A
FZC_2A
FZC_2B
FZC_30259A
FZC_31K8178A
FZC_3723A
FZC_38A
FZC_3A
FZC_3B
FZC_3KK9K69A
FZC_40526A
FZC_453A
FZC_47139A
FZC_48868A
FZC_4A
FZC_4B
FZC_4KA
FZC_51A
FZC_524A
FZC_53A
FZC_58072A
FZC_5A
FZC_5B
FZC_5K492A
FZC_6139A
FZC_6201050A
FZC_660A
FZC_6803208A
FZC_6A
FZC_6B
FZC_6K812A
FZC_7043557A
FZC_732A
FZC_746A
FZC_7631A
FZC_79283A
FZC_7A
FZC_7B
FZC_827KA
FZC_8487A
FZC_854A
FZC_86K2A
FZC_898A
FZC_8A
FZC_8B
FZC_9146A
FZC_9497A
FZC_9567A
FZC_99647A
FZC_99A
FZC_9A
FZC_9B
FZC_K2K7A
FZC_K51K35KA
FZC_K6A
FZC_K7KA
FZC_K9A
FZC_KA
FZC_KB
FZD_02942A
FZD_0398044A
FZD_0724913A
FZD_087A
FZD_09A
FZD_0A
FZD_0B
FZD_10A
FZD_14054A
FZD_1755K79A
FZD_186KA
FZD_1A
FZD_1B
FZD_1K31A
FZD_20A
FZD_219K7A
FZD_27415A
FZD_28A
FZD_28B
FZD_2A
FZD_2B
FZD_30A
FZD_3570016A
FZD_365A
FZD_3793A
FZD_384K5A
FZD_3A
FZD_3B
FZD_43672K6A
FZD_4678A
FZD_4816A
FZD_48477A
FZD_4A
FZD_4B
FZD_4KA
FZD_525A
FZD_537A
FZD_5583A
FZD_582KA
FZD_59512A
FZD_5A
FZD_5B
FZD_624A
FZD_625A
FZD_6401A
FZD_6433A
FZD_6926A
FZD_6A
FZD_6B
FZD_711A
FZD_76A
FZD_77A
FZD_789A
FZD_7A
FZD_7B
FZD_7K682A
FZD_808A
FZD_80A
FZD_86KKK88A
FZD_87497A
FZD_88509A
FZD_8A
FZD_8B
FZD_900A
FZD_923A
FZD_93969A
FZD_9413030A
FZD_9851K22A
FZD_9A
FZD_9B
FZD_K1A
FZD_K1KK831A
FZD_K295632A
FZD_K426154A
FZD_K527A
FZD_KA
FZD_KB
FZE_0009A
FZE_0164462A
FZE_03A
FZE_0400074A
FZE_063A
FZE_0A
FZE_0B
FZE_1059458A
FZE_118KKA
FZE_14A
FZE_14K8A
FZE_15559A
FZE_1A
FZE_1B
FZE_202A
FZE_210A
FZE_2541A
FZE_2927807A
FZE_2963096A
FZE_2A
FZE_2B
FZE_31A
FZE_3222A
FZE_3367A
FZE_356A
FZE_3905608A
FZE_3A
FZE_3B
FZE_40343A
FZE_426699KA
FZE_43318A
FZE_4475846A
FZE_4827A
FZE_4A
FZE_4B
FZE_5281A
FZE_52A
FZE_5375704A
FZE_5A
FZE_5B
FZE_5K135A
FZE_5K47A
FZE_60A
FZE_61KA
FZE_64957A
FZE_667A
FZE_69123A
FZE_6A
FZE_6B
FZE_7088765A
FZE_71383K9A
FZE_724A
FZE_73A
FZE_779A
FZE_7A
FZE_7B
FZE_8068A
FZE_82K61A
FZE_85451A
FZE_89A
FZE_8A
FZE_8B
FZE_8K878A
FZE_95A
FZE_979A
FZE_986A
FZE_99A
FZE_9A
FZE_9B
FZE_9KA
FZE_K39A
FZE_K685A
FZE_K774A
FZE_K7A
FZE_KA
FZE_KB
FZE_KK2K4A
FZF_01906A
FZF_021A
FZF_0301084A
FZF_0408A
FZF_09718A
FZF_0A
FZF_0B
FZF_10A
FZF_11A
FZF_1317963A
FZF_13349K8A
FZF_155A
FZF_1A
FZF_1B
FZF_20033A
FZF_2307670A
FZF_2516627A
FZF_25A
FZF_2619A
FZF_2A
FZF_2B
FZF_341KA
FZF_35023A
FZF_3714A
FZF_3829890A
FZF_3952A
FZF_3A
FZF_3B
FZF_41788A
FZF_432A
FZF_4487A
FZF_464A
FZF_47A
FZF_4A
FZF_4B
FZF_5294457A
FZF_542A
FZF_56K94A
FZF_5882437A
FZF_59112A
FZF_5A
FZF_5B
FZF_6180538A
FZF_636A
FZF_64A
FZF_659A
FZF_65A
FZF_6A
FZF_6B
FZF_726A
FZF_7396A
FZF_747A
FZF_77A
FZF_7A
FZF_7B
FZF_7KKKA
FZF_8007006A
FZF_8540A
FZF_8622A
FZF_866A
FZF_8A
FZF_8B
FZF_8K78K53A
FZF_92040A
FZF_95K81A
FZF_97A
FZF_985KKA
FZF_99A
FZF_9A
FZF_9B
FZF_K14KA
FZF_K2A
FZF_K3699A
FZF_K46A
FZF_KA
FZF_KB
FZF_KKA
MAA_0018837A
MAA_0066476A
MAA_0238070A
MAA_0320400A
MAA_08A
MAA_0A
MAA_0B
MAA_109A
MAA_11352A
MAA_134A
MAA_1565A
MAA_16814A
MAA_1A
MAA_1B
MAA_2078A
MAA_224A
MAA_235A
MAA_25A
MAA_29001A
MAA_2A
MAA_2B
MAA_30661A
MAA_3175A
MAA_36K55A
MAA_3810A
MAA_3A
MAA_3B
MAA_3KKA
MAA_43A
MAA_4459A
MAA_4679A
MAA_4943304A
MAA_4A
MAA_4B
MAA_4KKA
MAA_534A
MAA_53A
MAA_54A
MAA_573A
MAA_5A
MAA_5B
MAA_5K927A
MAA_6058840A
MAA_645A
MAA_6748909A
MAA_6861A
MAA_69KK312A
MAA_6A
MAA_6B
MAA_708A
MAA_726A
MAA_73A
MAA_77A
MAA_7A
MAA_7B
MAA_7KA
MAA_80379A
MAA_8550515A
MAA_8574A
MAA_8626A
MAA_8712A
MAA_8A
MAA_8B
MAA_91A
MAA_9202A
MAA_95958A
MAA_98K787KA
MAA_9A
MAA_9B
MAA_9KA
MAA_K2893A
MAA_K4975KKA
MAA_K4K39A
MAA_K6A
MAA_K8424A
MAA_KA
MAA_KB
MAB_036A
MAB_04A
MAB_0600078A
MAB_0864A
MAB_0890405A
MAB_0A
MAB_0B
MAB_1021928A
MAB_12KA
MAB_153K4A
MAB_17914A
MAB_1A
MAB_1B
MAB_1KA
MAB_2014A
MAB_2129883A
MAB_2598A
MAB_26A
MAB_27039A
MAB_2A
MAB_2B
MAB_30758A
MAB_316A
MAB_3340A
MAB_38116A
MAB_3934A
MAB_3A
MAB_3B
MAB_40A
MAB_424A
MAB_4360001A
MAB_47252A
MAB_49A
MAB_4A
MAB_4B
MAB_5094A
MAB_5278A
MAB_53A
MAB_56826A
MAB_5A
MAB_5B
MAB_5K2KKA
MAB_623A
MAB_6359728A
MAB_6776A
MAB_6902A
MAB_6942922A
MAB_6A
MAB_6B
MAB_73A
MAB_73B
MAB_749A
MAB_77A
MAB_7A
MAB_7B
MAB_7K113A
MAB_8051832A
MAB_8445A
MAB_87648K8A
MAB_8797A
MAB_8A
MAB_8B
MAB_8KKA
MAB_909A
MAB_91866A
MAB_960A
MAB_995A
MAB_9A
MAB_9B
MAB_9K1K4A
MAB_K5A
MAB_K71A
MAB_K741566A
MAB_K8A
MAB_KA
MAB_KB
MAB_KK23324A
MAF_020A
MAF_0338932A
MAF_04734A
MAF_0510100A
MAF_05907A
MAF_0A
MAF_0B
MAF_104A
MAF_12648A
MAF_147K2A
MAF_1656A
MAF_18A
MAF_1A
MAF_1B
MAF_20619A
MAF_20810A
MAF_22A
MAF_267K921A
MAF_2708546A
MAF_2A
MAF_2B
MAF_3000A
MAF_307A
MAF_3213959A
MAF_353A
MAF_3602A
MAF_3A
MAF_3B
MAF_406A
MAF_409A
MAF_4237452A
MAF_4882414A
MAF_4A
MAF_4B
MAF_4KA
MAF_53168A
MAF_55A
MAF_55B
MAF_5629A
MAF_58A
MAF_5A
MAF_5B
MAF_61352A
MAF_62A
MAF_669A
MAF_6A
MAF_6B
MAF_6K65KA
MAF_6KA
MAF_7231A
MAF_7336A
MAF_75K5A
MAF_777A
MAF_7984A
MAF_7A
MAF_7B
MAF_817A
MAF_864A
MAF_8760186A
MAF_8A
MAF_8B
MAF_8K57A
MAF_8KA
MAF_917A
MAF_92509A
MAF_942KK3KA
MAF_9824K79A
MAF_999KA
MAF_9A
MAF_9B
MAF_K115122A
MAF_K4958A
MAF_K8A
MAF_KA
MAF_KB
MAF_KK87A
MAF_KKA
MAH_0257971A
MAH_0341A
MAH_04282A
MAH_06547A
MAH_08837A
MAH_0A
MAH_0B
MAH_10905A
MAH_122A
MAH_16293A
MAH_1950180A
MAH_1A
MAH_1B
MAH_1KK7A
MAH_244A
MAH_264A
MAH_2731497A
MAH_2780A
MAH_2999094A
MAH_2A
MAH_2B
MAH_34A
MAH_360A
MAH_37352A
MAH_38587A
MAH_3A
MAH_3B
MAH_3K24578A
MAH_4320317A
MAH_453K533A
MAH_46A
MAH_48A
MAH_4A
MAH_4B
MAH_4K3A
MAH_51A
MAH_55A
MAH_5986239A
MAH_5A
MAH_5B
MAH_5KA
MAH_5KK1A
MAH_601A
MAH_6151A
MAH_65400A
MAH_674A
MAH_6955A
MAH_6A
MAH_6B
MAH_70523A
MAH_72A
MAH_72KA
MAH_7716668A
MAH_7A
MAH_7B
MAH_7K6K221A
MAH_81A
MAH_8400770A
MAH_8826A
MAH_891KA
MAH_8A
MAH_8B
MAH_8KA
MAH_9020A
MAH_928A
MAH_96747A
MAH_96879A
MAH_9841A
MAH_9A
MAH_9B
MAH_K5A
MAH_K63A
MAH_K83A
MAH_K8A
MAH_KA
MAH_KB
MAH_KK94A
MAI_008A
MAI_0290A
MAI_06A
MAI_0715001A
MAI_075A
MAI_0A
MAI_0B
MAI_10593A
MAI_1425A
MAI_17854A
MAI_19K3735A
MAI_1A
MAI_1B
MAI_1KA
MAI_240A
MAI_24A
MAI_25A
MAI_26469A
MAI_2695720A
MAI_2A
MAI_2B
MAI_3041A
MAI_3233A
MAI_32KA
MAI_34K4A
MAI_37167A
MAI_3A
MAI_3B
MAI_440A
MAI_46A
MAI_47611A
MAI_480A
MAI_4887A
MAI_4A
MAI_4B
MAI_53K8K97A
MAI_5553A
MAI_5822894A
MAI_58628A
MAI_59827A
MAI_5A
MAI_5B
MAI_636A
MAI_6384423A
MAI_66A
MAI_68817A
MAI_6A
MAI_6B
MAI_6K2A
MAI_72A
MAI_7419089A
MAI_74A
MAI_75184A
MAI_77KKA
MAI_7A
MAI_7B
MAI_81A
MAI_8399A
MAI_8783622A
MAI_8A
MAI_8B
MAI_8K7K852A
MAI_8KA
MAI_915A
MAI_9214A
MAI_929A
MAI_98616A
MAI_9A
MAI_9B
MAI_9K567A
MAI_K113K49A
MAI_K2K66K5A
MAI_K64A
MAI_K7A
MAI_KA
MAI_KB
MAI_KKK9A
MAP_0174A
MAP_0439A
MAP_07065A
MAP_07A
MAP_09936A
MAP_0A
MAP_0B
MAP_1282A
MAP_1300A
MAP_146A
MAP_16A
MAP_1A
MAP_1B
MAP_1K633A
MAP_22K5A
MAP_26K7759A
MAP_2921967A
MAP_29A
MAP_2A
MAP_2B
MAP_2K5A
MAP_30886A
MAP_31040A
MAP_323A
MAP_3521K73A
MAP_3A
MAP_3B
MAP_3K8KA
MAP_405A
MAP_40920A
MAP_4144A
MAP_44A
MAP_496A
MAP_4A
MAP_4B
MAP_5173391A
MAP_5424K18A
MAP_56651A
MAP_589A
MAP_58A
MAP_5A
MAP_5B
MAP_61157A
MAP_6378A
MAP_6683472A
MAP_672A
MAP_6A
MAP_6B
MAP_6K9K1A
MAP_762A
MAP_78A
MAP_7985A
MAP_79A
MAP_7A
MAP_7B
MAP_7KA
MAP_805A
MAP_8460026A
MAP_84A
MAP_85KA
MAP_8711061A
MAP_8A
MAP_8B
MAP_91A
MAP_948K981A
MAP_9501275A
MAP_97702A
MAP_99534A
MAP_9A
MAP_9B
MAP_K286A
MAP_K2A
MAP_K37KK49A
MAP_K6KA
MAP_K871A
MAP_KA
MAP_KB
MAR_0049A
MAR_02A
MAR_0674A
MAR_0703A
MAR_08722A
MAR_0A
MAR_0B
MAR_11367A
MAR_14828K6A
MAR_186A
MAR_19KA
MAR_1A
MAR_1B
MAR_1K9A
MAR_21462A
MAR_2163395A
MAR_22501A
MAR_245A
MAR_2908A
MAR_2A
MAR_2B
MAR_30060A
MAR_3234A
MAR_32583A
MAR_39710A
MAR_3A
MAR_3B
MAR_3KA
MAR_4094277A
MAR_417A
MAR_43835A
MAR_468A
MAR_4A
MAR_4B
MAR_4K2KA
MAR_537A
MAR_54A
MAR_58A
MAR_5997A
MAR_59A
MAR_5A
MAR_5B
MAR_60152A
MAR_62A
MAR_64KA
MAR_6847KK5A
MAR_6A
MAR_6B
MAR_6K892K9A
MAR_73A
MAR_7575K34A
MAR_766A
MAR_776479KA
MAR_79A
MAR_7A
MAR_7B
MAR_80091A
MAR_80A
MAR_85K7127A
MAR_86K19A
MAR_8923652A
MAR_8A
MAR_8B
MAR_91K5A
MAR_9378503A
MAR_9440565A
MAR_955A
MAR_96A
MAR_9A
MAR_9B
MAR_K3K4A
MAR_K441A
MAR_K7A
MAR_K828A
MAR_KA
MAR_KB
MAR_KKKA
MAW_0048A
MAW_00625A
MAW_00A
MAW_018A
MAW_0933A
MAW_0A
MAW_0B
MAW_13K9A
MAW_142A
MAW_1465A
MAW_15450A
MAW_17A
MAW_1A
MAW_1B
MAW_211KA
MAW_2648849A
MAW_289K568A
MAW_28A
MAW_29198K5A
MAW_2A
MAW_2B
MAW_303A
MAW_320A
MAW_32751A
MAW_343KA
MAW_3854A
MAW_3A
MAW_3B
MAW_403A
MAW_419A
MAW_46858A
MAW_4A
MAW_4B
MAW_4K2KA
MAW_4KK4A
MAW_51A
MAW_5257222A
MAW_53815A
MAW_58K23A
MAW_59A
MAW_5A
MAW_5B
MAW_61A
MAW_6535K7KA
MAW_670A
MAW_69A
MAW_6A
MAW_6B
MAW_6K9A
MAW_74556A
MAW_755A
MAW_7764A
MAW_7792449A
MAW_79A
MAW_7A
MAW_7B
MAW_8050A
MAW_83001A
MAW_83631A
MAW_8633690A
MAW_86A
MAW_8A
MAW_8B
MAW_934A
MAW_9439947A
MAW_952A
MAW_96116A
MAW_97029A
MAW_9A
MAW_9B
MAW_K372782A
MAW_K44K392A
MAW_K6671K1A
MAW_K6A
MAW_KA
MAW_KB
MAW_KKA
MAZ_10A
MAZ_129A
MAZ_1894023A
MAZ_19552A
MAZ_1A
MAZ_1B
MAZ_1K96KA
MAZ_20A
MAZ_216A
MAZ_2351A
MAZ_246K4A
MAZ_2745A
MAZ_2A
MAZ_2B
MAZ_33215A
MAZ_3341A
MAZ_3484KA
MAZ_3787A
MAZ_379714KA
MAZ_3A
MAZ_3B
MAZ_422KA
MAZ_42A
MAZ_4410498A
MAZ_46089A
MAZ_48436A
MAZ_4A
MAZ_4B
MAZ_5175409A
MAZ_538A
MAZ_54A
MAZ_581A
MAZ_5A
MAZ_5B
MAZ_5KA
MAZ_64A
MAZ_6564A
MAZ_676A
MAZ_683K8A
MAZ_6A
MAZ_6B
MAZ_6K2KKA
MAZ_7004780A
MAZ_72A
MAZ_7556872A
MAZ_773A
MAZ_7A
MAZ_7B
MAZ_7KA
MAZ_8261708A
MAZ_830A
MAZ_85799A
MAZ_85A
MAZ_880A
MAZ_8A
MAZ_8B
MAZ_911K135A
MAZ_91A
MAZ_9394A
MAZ_9669812A
MAZ_9A
MAZ_9B
MBO_0140A
MBO_02188A
MBO_03005A
MBO_0501392A
MBO_0872934A
MBO_0A
MBO_0B
MBO_12A
MBO_1482A
MBO_15K679KA
MBO_1645A
MBO_1A
MBO_1B
MBO_1K237A
MBO_23K8A
MBO_246A
MBO_281A
MBO_2A
MBO_2B
MBO_2K3A
MBO_2KA
MBO_30855A
MBO_32687A
MBO_335A
MBO_3600719A
MBO_388A
MBO_3A
MBO_3B
MBO_4104749A
MBO_4189A
MBO_4209A
MBO_49A
MBO_4A
MBO_4B
MBO_4KA
MBO_5027A
MBO_5227KA
MBO_53A
MBO_58544A
MBO_59A
MBO_5A
MBO_5B
MBO_6517571A
MBO_6684090A
MBO_6696A
MBO_670A
MBO_6A
MBO_6B
MBO_6KK961KA
MBO_735A
MBO_7453A
MBO_76169A
MBO_78399A
MBO_7925A
MBO_7A
MBO_7B
MBO_8190042A
MBO_82A
MBO_83628A
MBO_84A
MBO_8A
MBO_8B
MBO_8K1A
MBO_91177A
MBO_93A
MBO_94A
MBO_9512A
MBO_973A
MBO_9A
MBO_9B
MBO_K46K48KA
MBO_K6A
MBO_K89158KA
MBO_K9KA
MBO_KA
MBO_KB
MBO_KK1A
MCD_02A
MCD_0302800A
MCD_049A
MCD_078A
MCD_0965A
MCD_0A
MCD_0B
MCD_1036184A
MCD_12A
MCD_13A
MCD_1737A
MCD_17A
MCD_1A
MCD_1B
MCD_200A
MCD_2359005A
MCD_251K4A
MCD_270A
MCD_29K83A
MCD_2A
MCD_2B
MCD_336A
MCD_33KK931A
MCD_37K55A
MCD_3873A
MCD_3998414A
MCD_3A
MCD_3B
MCD_423A
MCD_44A
MCD_45K6K47A
MCD_48541A
MCD_48A
MCD_4A
MCD_4B
MCD_5198A
MCD_5453A
MCD_5605A
MCD_56971A
MCD_57KA
MCD_5A
MCD_5B
MCD_62A
MCD_64A
MCD_663282KA
MCD_6726KA
MCD_69501A
MCD_6A
MCD_6B
MCD_7472597A
MCD_752A
MCD_766A
MCD_77A
MCD_78896A
MCD_7A
MCD_7B
MCD_81046A
MCD_821K7A
MCD_8529K94A
MCD_86K3K35A
MCD_8A
MCD_8B
MCD_8K22A
MCD_9064A
MCD_9122A
MCD_9215A
MCD_92KA
MCD_9434991A
MCD_9A
MCD_9B
MCD_K168KA
MCD_K2KA
MCD_K795A
MCD_K8A
MCD_KA
MCD_KB
MCD_KKA
MDC_0006A
MDC_030A
MDC_05818A
MDC_085A
MDC_09766A
MDC_0A
MDC_0B
MDC_1156A
MDC_11A
MDC_169A
MDC_1989A
MDC_1A
MDC_1B
MDC_1K955KKA
MDC_23A
MDC_261A
MDC_263A
MDC_2721364A
MDC_28KA
MDC_2A
MDC_2B
MDC_3010904A
MDC_32A
MDC_3560623A
MDC_37710A
MDC_38681A
MDC_3A
MDC_3B
MDC_405A
MDC_44024A
MDC_464A
MDC_497K5A
MDC_4A
MDC_4B
MDC_4K66A
MDC_51773A
MDC_579A
MDC_5879175A
MDC_5960137A
MDC_59A
MDC_5A
MDC_5B
MDC_65A
MDC_67A
MDC_68548A
MDC_6907070A
MDC_6A
MDC_6B
MDC_6K83443A
MDC_7394A
MDC_7414A
MDC_75484A
MDC_782K845A
MDC_78K3A
MDC_7A
MDC_7B
MDC_8008A
MDC_86212A
MDC_87A
MDC_8831A
MDC_890A
MDC_8A
MDC_8B
MDC_9165500A
MDC_9303A
MDC_93A
MDC_94399A
MDC_9A
MDC_9B
MDC_9K9A
MDC_K1K3572A
MDC_K4A
MDC_K6A
MDC_K718A
MDC_KA
MDC_KB
MDC_KKA
MDD_0330A
MDD_053A
MDD_06788A
MDD_08A
MDD_091A
MDD_0A
MDD_0B
MDD_14A
MDD_15K2KA
MDD_16A
MDD_1978213A
MDD_1A
MDD_1B
MDD_1K61257A
MDD_2272A
MDD_22A
MDD_23018A
MDD_2858K96A
MDD_2A
MDD_2B
MDD_2K86A
MDD_3324A
MDD_3643473A
MDD_37A
MDD_395A
MDD_3A
MDD_3B
MDD_3KA
MDD_4198KA
MDD_42759A
MDD_4487A
MDD_451A
MDD_495A
MDD_4A
MDD_4B
MDD_5107004A
MDD_5299K32A
MDD_5308A
MDD_5686K56A
MDD_57692A
MDD_5A
MDD_5B
MDD_62A
MDD_64KA
MDD_6554546A
MDD_663A
MDD_69363A
MDD_6A
MDD_6B
MDD_73A
MDD_7413A
MDD_7660344A
MDD_77171A
MDD_79K5KA
MDD_7A
MDD_7B
MDD_805A
MDD_8314A
MDD_8425A
MDD_85KA
MDD_89A
MDD_8A
MDD_8B
MDD_91175A
MDD_9281A
MDD_948A
MDD_94968A
MDD_98A
MDD_9A
MDD_9B
MDD_K35A
MDD_K7A
MDD_K9K1A
MDD_KA
MDD_KB
MDD_KK4655KA
MDD_KK72938A
MDF_00A
MDF_02008A
MDF_0490A
MDF_0669A
MDF_07982A
MDF_0A
MDF_0B
MDF_13577A
MDF_13A
MDF_184A
MDF_19018A
MDF_1973460A
MDF_1A
MDF_1B
MDF_212A
MDF_2431687A
MDF_262A
MDF_285A
MDF_28A
MDF_2A
MDF_2B
MDF_305A
MDF_33A
MDF_3468614A
MDF_37454A
MDF_3A
MDF_3B
MDF_3KA
MDF_40A
MDF_41067A
MDF_4231A
MDF_4470576A
MDF_49909A
MDF_4A
MDF_4B
MDF_502A
MDF_517A
MDF_53K6A
MDF_5676A
MDF_5932A
MDF_5A
MDF_5B
MDF_60A
MDF_62353A
MDF_6438KA
MDF_658894KA
MDF_6A
MDF_6B
MDF_6KKK773A
MDF_7115A
MDF_722A
MDF_72A
MDF_75A
MDF_796KA
MDF_7A
MDF_7B
MDF_8371A
MDF_838K447A
MDF_84K17K8A
MDF_8551K32A
MDF_8809A
MDF_8A
MDF_8B
MDF_91630A
MDF_9269365A
MDF_952A
MDF_96A
MDF_9812520A
MDF_9A
MDF_9B
MDF_K1K78A
MDF_K394A
MDF_K4A
MDF_KA
MDF_KB
MDF_KK2A
MDF_KK6A
MDG_0010714A
MDG_013A
MDG_07A
MDG_08127A
MDG_08842A
MDG_0A
MDG_0B
MDG_10A
MDG_1679405A
MDG_186A
MDG_1872A
MDG_1904A
MDG_1A
MDG_1B
MDG_20A
MDG_2273969A
MDG_233A
MDG_26A
MDG_26B
MDG_2A
MDG_2B
MDG_309A
MDG_315A
MDG_3219A
MDG_32573K2A
MDG_34951A
MDG_3A
MDG_3B
MDG_40343A
MDG_43854K6A
MDG_450A
MDG_46366A
MDG_4A
MDG_4B
MDG_4K92KK4A
MDG_5144828A
MDG_524A
MDG_553A
MDG_5602A
MDG_5611A
MDG_5A
MDG_5B
MDG_62A
MDG_63694A
MDG_65853A
MDG_67A
MDG_6A
MDG_6B
MDG_6K91KA
MDG_706A
MDG_7174A
MDG_7464A
MDG_7613783A
MDG_7A
MDG_7B
MDG_7KKA
MDG_8003882A
MDG_84A
MDG_872KKA
MDG_8917680A
MDG_8A
MDG_8B
MDG_8KA
MDG_9090A
MDG_93K8KA
MDG_9783A
MDG_97A
MDG_99K3A
MDG_9A
MDG_9B
MDG_K1K7989A
MDG_K3A
MDG_K475A
MDG_K7K15A
MDG_K86A
MDG_KA
MDG_KB
MDK_00A
MDK_031A
MDK_0364629A
MDK_05A
MDK_0610A
MDK_0A
MDK_0B
MDK_11A
MDK_11B
MDK_1269605A
MDK_13A
MDK_19A
MDK_1A
MDK_1B
MDK_21A
MDK_24189A
MDK_266A
MDK_27183K3A
MDK_298A
MDK_2A
MDK_2B
MDK_30A
MDK_3375978A
MDK_3844KK4A
MDK_3984A
MDK_3A
MDK_3B
MDK_3K8A
MDK_4220809A
MDK_44K9A
MDK_46A
MDK_4709A
MDK_4859A
MDK_4A
MDK_4B
MDK_50862A
MDK_551A
MDK_557A
MDK_57A
MDK_5821A
MDK_5A
MDK_5B
MDK_60779A
MDK_635A
MDK_673A
MDK_67814A
MDK_6832A
MDK_6A
MDK_6B
MDK_71517A
MDK_73700A
MDK_75286A
MDK_76K6195A
MDK_7A
MDK_7B
MDK_7K163A
MDK_804A
MDK_81653A
MDK_825K174A
MDK_8565A
MDK_872K9A
MDK_8A
MDK_8B
MDK_9013106A
MDK_9124A
MDK_92A
MDK_94542A
MDK_96K7A
MDK_9A
MDK_9B
MDK_K2K4923A
MDK_K54A
MDK_K568A
MDK_KA
MDK_KB
MDK_KK38K79A
MDK_KK8A
MDM_00A
MDM_0488016A
MDM_05901A
MDM_06309A
MDM_07A
MDM_0A
MDM_0B
MDM_11068A
MDM_15731A
MDM_17192A
MDM_18364A
MDM_1A
MDM_1B
MDM_1K34A
MDM_2209087A
MDM_2515A
MDM_27385A
MDM_28A
MDM_29A
MDM_2A
MDM_2B
MDM_336A
MDM_37675A
MDM_387A
MDM_397A
MDM_3A
MDM_3B
MDM_3K4KKA
MDM_416A
MDM_431KA
MDM_44A
MDM_49KKA
MDM_4A
MDM_4B
MDM_4K125A
MDM_50A
MDM_53K4713A
MDM_5568A
MDM_5A
MDM_5B
MDM_5KA
MDM_5KB
MDM_605A
MDM_613A
MDM_6698272A
MDM_6984A
MDM_6A
MDM_6B
MDM_6KK6544A
MDM_7078523A
MDM_7224532A
MDM_746KA
MDM_779A
MDM_7A
MDM_7B
MDM_7K2183KA
MDM_821A
MDM_862KA
MDM_864KA
MDM_89A
MDM_8A
MDM_8B
MDM_8K3A
MDM_9142008A
MDM_914A
MDM_92A
MDM_9510A
MDM_97A
MDM_9A
MDM_9B
MDM_K26A
MDM_K577K74A
MDM_K812679A
MDM_K8819A
MDM_K937A
MDM_KA
MDM_KB
MDR_00A
MDR_030A
MDR_054A
MDR_0824013A
MDR_09296A
MDR_0A
MDR_0B
MDR_12A
MDR_144A
MDR_1500A
MDR_157A
MDR_166K665A
MDR_1A
MDR_1B
MDR_25407A
MDR_2695990A
MDR_28A
MDR_2972A
MDR_2A
MDR_2B
MDR_2K1A
MDR_31738A
MDR_3447060A
MDR_3553A
MDR_3612A
MDR_389A
MDR_3A
MDR_3B
MDR_4168A
MDR_4322333A
MDR_4394A
MDR_4883A
MDR_493A
MDR_4A
MDR_4B
MDR_50204A
MDR_5110458A
MDR_518KA
MDR_552K49KA
MDR_5989A
MDR_5A
MDR_5B
MDR_60094A
MDR_6378A
MDR_64217A
MDR_65802A
MDR_68856A
MDR_6A
MDR_6B
MDR_7103627A
MDR_719A
MDR_77453A
MDR_7875KK9A
MDR_79A
MDR_7A
MDR_7B
MDR_80A
MDR_85A
MDR_86A
MDR_87A
MDR_8A
MDR_8B
MDR_8K22KA
MDR_906A
MDR_91195A
MDR_92A
MDR_93A
MDR_99K2628A
MDR_9A
MDR_9B
MDR_K3A
MDR_K56A
MDR_K69A
MDR_K813A
MDR_K963K79A
MDR_KA
MDR_KB
MDS_00A
MDS_01A
MDS_0490373A
MDS_05A
MDS_063A
MDS_0A
MDS_0B
MDS_1146208A
MDS_1279A
MDS_13KA
MDS_1506A
MDS_181K2A
MDS_1A
MDS_1B
MDS_25A
MDS_2739434A
MDS_287A
MDS_29650A
MDS_2A
MDS_2B
MDS_2KK4591A
MDS_323A
MDS_3301690A
MDS_358A
MDS_35A
MDS_3864804A
MDS_3A
MDS_3B
MDS_42688A
MDS_4409A
MDS_4592464A
MDS_474A
MDS_47879A
MDS_4A
MDS_4B
MDS_517K995A
MDS_5241A
MDS_531A
MDS_54K42A
MDS_58K843KA
MDS_5A
MDS_5B
MDS_603A
MDS_60A
MDS_6100200A
MDS_66719A
MDS_66K3A
MDS_6A
MDS_6B
MDS_70A
MDS_71A
MDS_7521A
MDS_76128A
MDS_7A
MDS_7B
MDS_7K891A
MDS_817A
MDS_8219388A
MDS_85K54A
MDS_86A
MDS_8A
MDS_8B
MDS_8K1A
MDS_9080A
MDS_92A
MDS_9498A
MDS_972A
MDS_97822A
MDS_9A
MDS_9B
MDS_K157A
MDS_K6A
MDS_K9983A
MDS_KA
MDS_KB
MDS_KK76A
MDS_KK7KA
MDY_00854A
MDY_0230A
MDY_02A
MDY_0505908A
MDY_0970A
MDY_0A
MDY_0B
MDY_1185073A
MDY_14A
MDY_1920151A
MDY_1A
MDY_1B
MDY_1K4A
MDY_1KA
MDY_2104094A
MDY_24A
MDY_2601A
MDY_2616580A
MDY_2A
MDY_2B
MDY_2KK1A
MDY_32757A
MDY_350A
MDY_3825377A
MDY_3982979A
MDY_3A
MDY_3B
MDY_3K8A
MDY_4195A
MDY_4203817A
MDY_44A
MDY_47003A
MDY_499A
MDY_4A
MDY_4B
MDY_51272A
MDY_521A
MDY_547A
MDY_56KA
MDY_5A
MDY_5B
MDY_5K5522KA
MDY_6178A
MDY_64060A
MDY_67A
MDY_68343A
MDY_686A
MDY_6A
MDY_6B
MDY_7071A
MDY_71A
MDY_762A
MDY_77A
MDY_79665A
MDY_7A
MDY_7B
MDY_8044629A
MDY_8187A
MDY_89A
MDY_8A
MDY_8B
MDY_8K45A
MDY_8K93KA
MDY_91A
MDY_92A
MDY_96900A
MDY_9912A
MDY_9A
MDY_9B
MDY_9KK6948A
MDY_K22A
MDY_K6328A
MDY_K984A
MDY_KA
MDY_KB
MDY_KK339A
MDY_KK7A
MFF_0021A
MFF_005A
MFF_0308A
MFF_068A
MFF_0804703A
MFF_0A
MFF_0B
MFF_10A
MFF_1475457A
MFF_18049A
MFF_19A
MFF_1A
MFF_1B
MFF_1K4A
MFF_2212A
MFF_233934KA
MFF_257A
MFF_269A
MFF_2856KA
MFF_2A
MFF_2B
MFF_3001826A
MFF_3141786A
MFF_33A
MFF_35881A
MFF_3737KA
MFF_3A
MFF_3B
MFF_4075065A
MFF_40A
MFF_4350A
MFF_44A
MFF_480A
MFF_4A
MFF_4B
MFF_50964A
MFF_5102013A
MFF_51A
MFF_53A
MFF_55589A
MFF_5A
MFF_5B
MFF_62543A
MFF_6307A
MFF_632A
MFF_671A
MFF_6A
MFF_6B
MFF_6K45A
MFF_70A
MFF_738A
MFF_7442417A
MFF_748A
MFF_7613A
MFF_7A
MFF_7B
MFF_8153611A
MFF_8384A
MFF_84A
MFF_86787A
MFF_872A
MFF_8A
MFF_8B
MFF_90A
MFF_91646A
MFF_9883A
MFF_9966A
MFF_9A
MFF_9B
MFF_9K22492A
MFF_K12895KA
MFF_K1A
MFF_K7695A
MFF_K827A
MFF_KA
MFF_KB
MFF_KK566A
MHH_0064147A
MHH_03162A
MHH_0499A
MHH_053A
MHH_07322A
MHH_0A
MHH_0B
MHH_11A
MHH_135A
MHH_1376A
MHH_17A
MHH_1A
MHH_1B
MHH_1K521K6A
MHH_2001909A
MHH_239A
MHH_2536231A
MHH_26960A
MHH_27910A
MHH_2A
MHH_2B
MHH_3297250A
MHH_33A
MHH_364A
MHH_387K6A
MHH_3881A
MHH_3A
MHH_3B
MHH_402A
MHH_41248A
MHH_4240A
MHH_46A
MHH_4A
MHH_4B
MHH_4K91856A
MHH_55A
MHH_58378A
MHH_58707A
MHH_5934634A
MHH_59K7A
MHH_5A
MHH_5B
MHH_61545A
MHH_65A
MHH_660A
MHH_67484A
MHH_6A
MHH_6B
MHH_6KA
MHH_7543A
MHH_76A
MHH_77A
MHH_786A
MHH_7944A
MHH_7A
MHH_7B
MHH_82A
MHH_84A
MHH_85KK2K2A
MHH_863K3KKA
MHH_8930156A
MHH_8A
MHH_8B
MHH_9003A
MHH_928A
MHH_942A
MHH_9519298A
MHH_98K1A
MHH_9A
MHH_9B
MHH_K43A
MHH_K49A
MHH_K7335A
MHH_K897A
MHH_K996A
MHH_KA
MHH_KB
MHN_01A
MHN_0300A
MHN_0556A
MHN_06A
MHN_08A
MHN_0932A
MHN_0A
MHN_0B
MHN_1171889A
MHN_126A
MHN_1577391A
MHN_1610567A
MHN_19A
MHN_1A
MHN_1B
MHN_2090987A
MHN_25283A
MHN_2829A
MHN_2A
MHN_2B
MHN_2K61858A
MHN_2K7A
MHN_30043A
MHN_32A
MHN_35K29A
MHN_38A
MHN_39A
MHN_3A
MHN_3B
MHN_400A
MHN_45002A
MHN_4860A
MHN_49069A
MHN_4A
MHN_4B
MHN_4K3363KA
MHN_513A
MHN_534A
MHN_54923A
MHN_5941484A
MHN_5A
MHN_5B
MHN_5K168A
MHN_658KA
MHN_67K93A
MHN_6811A
MHN_6989642A
MHN_6A
MHN_6B
MHN_6KA
MHN_707A
MHN_71A
MHN_721A
MHN_7465A
MHN_783A
MHN_7A
MHN_7B
MHN_802A
MHN_808A
MHN_8194126A
MHN_821A
MHN_88K57A
MHN_8A
MHN_8B
MHN_91A
MHN_931K1A
MHN_95A
MHN_96662A
MHN_9A
MHN_9B
MHN_K277A
MHN_K384359A
MHN_K47K997A
MHN_K754A
MHN_KA
MHN_KB
MHN_KK44A
MHP_0074A
MHP_02A
MHP_05010A
MHP_060A
MHP_0984A
MHP_0A
MHP_0B
MHP_12A
MHP_161A
MHP_18174A
MHP_1986A
MHP_1A
MHP_1B
MHP_1K88153A
MHP_2364213A
MHP_23A
MHP_2789385A
MHP_2992A
MHP_29A
MHP_2A
MHP_2B
MHP_3020A
MHP_32KKKA
MHP_338K4A
MHP_345A
MHP_3713466A
MHP_3A
MHP_3B
MHP_4009A
MHP_46A
MHP_47A
MHP_49KA
MHP_4A
MHP_4B
MHP_4K4A
MHP_52082A
MHP_52251A
MHP_562A
MHP_59976A
MHP_5A
MHP_5B
MHP_5KA
MHP_658A
MHP_6711A
MHP_67A
MHP_6825969A
MHP_6851243A
MHP_6A
MHP_6B
MHP_7203A
MHP_75443K7A
MHP_75880A
MHP_79442A
MHP_7963A
MHP_7A
MHP_7B
MHP_8045647A
MHP_8397261A
MHP_84A
MHP_873A
MHP_8A
MHP_8B
MHP_8K1A
MHP_90370A
MHP_91955A
MHP_928A
MHP_93A
MHP_950A
MHP_9A
MHP_9B
MHP_K1A
MHP_K26KA
MHP_K36357KA
MHP_K541A
MHP_K9K6531A
MHP_KA
MHP_KB
MHS_033A
MHS_0360813A
MHS_045A
MHS_07380A
MHS_0972A
MHS_0A
MHS_0B
MHS_10506A
MHS_12380A
MHS_14483A
MHS_1826394A
MHS_1A
MHS_1B
MHS_1KA
MHS_2195A
MHS_24K1A
MHS_26K3KA
MHS_27A
MHS_29A
MHS_2A
MHS_2B
MHS_3004A
MHS_344A
MHS_3519558A
MHS_35K3A
MHS_360A
MHS_3A
MHS_3B
MHS_400A
MHS_41A
MHS_4696474A
MHS_4701A
MHS_493K8A
MHS_4A
MHS_4B
MHS_5025676A
MHS_5214207A
MHS_57988A
MHS_57A
MHS_599A
MHS_5A
MHS_5B
MHS_6239A
MHS_62A
MHS_64053A
MHS_6543A
MHS_6848A
MHS_6A
MHS_6B
MHS_7566116A
MHS_769A
MHS_774KK13A
MHS_78852A
MHS_7A
MHS_7B
MHS_7KK7KA
MHS_8177100A
MHS_84A
MHS_85K4317A
MHS_8606670A
MHS_8A
MHS_8B
MHS_8KA
MHS_9001A
MHS_92K75A
MHS_933A
MHS_9A
MHS_9B
MHS_9K2A
MHS_9KA
MHS_K5A
MHS_K61A
MHS_K865A
MHS_KA
MHS_KB
MHS_KK2A
MHS_KKA
MIG_00710A
MIG_00900A
MIG_0297480A
MIG_0354595A
MIG_035A
MIG_0A
MIG_0B
MIG_115A
MIG_12K1A
MIG_1637A
MIG_17KA
MIG_1A
MIG_1B
MIG_1K975A
MIG_2320A
MIG_2502A
MIG_27267A
MIG_2850641A
MIG_2907A
MIG_2A
MIG_2B
MIG_3058A
MIG_32A
MIG_347A
MIG_37A
MIG_39A
MIG_3A
MIG_3B
MIG_4048938A
MIG_443A
MIG_4673KA
MIG_46K4A
MIG_4A
MIG_4B
MIG_4K96KA
MIG_553A
MIG_56A
MIG_56B
MIG_58K43A
MIG_5A
MIG_5B
MIG_5KK51A
MIG_61A
MIG_620A
MIG_653K2A
MIG_6833A
MIG_69K8A
MIG_6A
MIG_6B
MIG_7055A
MIG_731A
MIG_77KA
MIG_78KK821A
MIG_79960A
MIG_7A
MIG_7B
MIG_8014088A
MIG_81A
MIG_857A
MIG_864472KA
MIG_86A
MIG_8A
MIG_8B
MIG_91A
MIG_9523916A
MIG_9884275A
MIG_9989252A
MIG_9A
MIG_9B
MIG_9K76226A
MIG_K1936A
MIG_K38A
MIG_K592A
MIG_K6A
MIG_K6B
MIG_KA
MIG_KB
MIO_001A
MIO_0086A
MIO_0112758A
MIO_02A
MIO_07677A
MIO_0A
MIO_0B
MIO_11KA
MIO_13A
MIO_1796606A
MIO_198KK18A
MIO_1A
MIO_1B
MIO_1K65A
MIO_209A
MIO_2438708A
MIO_26A
MIO_2877A
MIO_28A
MIO_2A
MIO_2B
MIO_3107A
MIO_31A
MIO_32K3A
MIO_36937KKA
MIO_3805329A
MIO_3A
MIO_3B
MIO_400A
MIO_4834A
MIO_48495A
MIO_4A
MIO_4B
MIO_4K3K8A
MIO_4K5A
MIO_505A
MIO_547A
MIO_5750680A
MIO_58A
MIO_59104A
MIO_5A
MIO_5B
MIO_60235A
MIO_63662A
MIO_63K47A
MIO_64A
MIO_6804212A
MIO_6A
MIO_6B
MIO_7185A
MIO_722KA
MIO_7403035A
MIO_786A
MIO_7945A
MIO_7A
MIO_7B
MIO_81516A
MIO_81A
MIO_88A
MIO_89A
MIO_89KA
MIO_8A
MIO_8B
MIO_925A
MIO_9459714A
MIO_98233A
MIO_99224A
MIO_9A
MIO_9B
MIO_9K78A
MIO_K2A
MIO_K5256A
MIO_K765A
MIO_K91A
MIO_K99K461A
MIO_KA
MIO_KB
MIS_01002A
MIS_01A
MIS_03406A
MIS_0852A
MIS_093A
MIS_0A
MIS_0B
MIS_1086304A
MIS_113A
MIS_1470A
MIS_16061A
MIS_1964143A
MIS_1A
MIS_1B
MIS_20224A
MIS_26A
MIS_28797A
MIS_299A
MIS_2A
MIS_2B
MIS_2K9A
MIS_33003A
MIS_33A
MIS_3500058A
MIS_3544827A
MIS_39K8A
MIS_3A
MIS_3B
MIS_428A
MIS_47917A
MIS_49554A
MIS_4975KA
MIS_4A
MIS_4B
MIS_4K981A
MIS_5046577A
MIS_51562KKA
MIS_5290A
MIS_534A
MIS_5991A
MIS_5A
MIS_5B
MIS_6574A
MIS_66A
MIS_672A
MIS_69A
MIS_6A
MIS_6B
MIS_6KA
MIS_70A
MIS_7156A
MIS_72A
MIS_7390712A
MIS_7A
MIS_7B
MIS_7K551K8A
MIS_8074A
MIS_84A
MIS_85K6A
MIS_886A
MIS_8A
MIS_8B
MIS_8K25898A
MIS_92121A
MIS_9276A
MIS_940A
MIS_96A
MIS_9A
MIS_9B
MIS_9K2A
MIS_K136A
MIS_K3KK538A
MIS_K4593K1A
MIS_K78A
MIS_KA
MIS_KB
MIS_KKA
MJL_00A
MJL_03705A
MJL_0725224A
MJL_0835A
MJL_09063A
MJL_0A
MJL_0B
MJL_1060044A
MJL_1113881A
MJL_147A
MJL_151A
MJL_17A
MJL_1A
MJL_1B
MJL_2180A
MJL_22A
MJL_2815465A
MJL_2A
MJL_2B
MJL_2K892A
MJL_2KA
MJL_30016A
MJL_3357A
MJL_3834200A
MJL_39029A
MJL_3A
MJL_3B
MJL_3KA
MJL_4070A
MJL_4324641A
MJL_450A
MJL_478A
MJL_4A
MJL_4B
MJL_4KKA
MJL_53174K7A
MJL_5332A
MJL_5523A
MJL_554A
MJL_58626A
MJL_5A
MJL_5B
MJL_61K1A
MJL_63696A
MJL_6402A
MJL_6512A
MJL_6827187A
MJL_6A
MJL_6B
MJL_73930A
MJL_73KA
MJL_74A
MJL_7672A
MJL_79A
MJL_7A
MJL_7B
MJL_82034A
MJL_848A
MJL_856A
MJL_8795A
MJL_8A
MJL_8B
MJL_8K44319A
MJL_9105777A
MJL_93A
MJL_9421695A
MJL_96137A
MJL_97A
MJL_9A
MJL_9B
MJL_K2A
MJL_K3A
MJL_K5K36A
MJL_K99A
MJL_KA
MJL_KB
MJL_KK1A
MKS_0027220A
MKS_00A
MKS_06A
MKS_07091A
MKS_0904A
MKS_0A
MKS_0B
MKS_1225A
MKS_1423A
MKS_1681A
MKS_177A
MKS_1A
MKS_1B
MKS_1K36A
MKS_234A
MKS_24A
MKS_2641736A
MKS_26A
MKS_290A
MKS_2A
MKS_2B
MKS_3540A
MKS_37K8KA
MKS_387A
MKS_389A
MKS_393KA
MKS_3A
MKS_3B
MKS_4325A
MKS_4571A
MKS_46A
MKS_4A
MKS_4B
MKS_4K67A
MKS_4KA
MKS_5212K19A
MKS_539A
MKS_5549962A
MKS_557A
MKS_56KA
MKS_5A
MKS_5B
MKS_60166A
MKS_6130004A
MKS_6792KA
MKS_68A
MKS_6A
MKS_6B
MKS_6K97KA
MKS_7015860A
MKS_7372A
MKS_74108A
MKS_769KKA
MKS_78A
MKS_7A
MKS_7B
MKS_8078335A
MKS_81A
MKS_8311K18A
MKS_84428A
MKS_85850A
MKS_8A
MKS_8B
MKS_94469A
MKS_9475214A
MKS_95311A
MKS_9630650A
MKS_9A
MKS_9B
MKS_9K8A
MKS_K28A
MKS_K56A
MKS_K62KK3KA
MKS_K7A
MKS_KA
MKS_KB
MKS_KKA
MKX_0007068A
MKX_03A
MKX_05912A
MKX_08190A
MKX_09A
MKX_0A
MKX_0B
MKX_1332A
MKX_1558301A
MKX_163A
MKX_17A
MKX_18K6A
MKX_1A
MKX_1B
MKX_24A
MKX_26KKA
MKX_2730A
MKX_2807886A
MKX_2A
MKX_2B
MKX_2K55A
MKX_32527A
MKX_34A
MKX_3782136A
MKX_39A
MKX_3A
MKX_3B
MKX_3KK5K64A
MKX_40005A
MKX_404A
MKX_423A
MKX_4464229A
MKX_45A
MKX_4A
MKX_4B
MKX_541KA
MKX_548A
MKX_568KA
MKX_572A
MKX_580A
MKX_5A
MKX_5B
MKX_60A
MKX_63A
MKX_662A
MKX_6766A
MKX_6A
MKX_6B
MKX_6KA
MKX_706A
MKX_711A
MKX_717A
MKX_73490A
MKX_7693K35A
MKX_7A
MKX_7B
MKX_81231A
MKX_84387A
MKX_85020A
MKX_8565A
MKX_8953148A
MKX_8A
MKX_8B
MKX_937KA
MKX_9475259A
MKX_96A
MKX_98892A
MKX_997K9A
MKX_9A
MKX_9B
MKX_K1518A
MKX_K4K469KA
MKX_K839A
MKX_K916141A
MKX_KA
MKX_KB
MKX_KK2A
MLA_00438A
MLA_03106A
MLA_036A
MLA_04A
MLA_08A
MLA_0A
MLA_0B
MLA_100A
MLA_11K3867A
MLA_120A
MLA_14A
MLA_17K7A
MLA_1A
MLA_1B
MLA_24162A
MLA_243A
MLA_2518893A
MLA_26K4K75A
MLA_2A
MLA_2B
MLA_2K9K4A
MLA_32819A
MLA_3497A
MLA_36A
MLA_394KA
MLA_3A
MLA_3B
MLA_3K59482A
MLA_41A
MLA_4264833A
MLA_46131A
MLA_476A
MLA_47A
MLA_4A
MLA_4B
MLA_5078A
MLA_54KA
MLA_55879A
MLA_5595290A
MLA_5712A
MLA_5A
MLA_5B
MLA_6351A
MLA_637A
MLA_6586A
MLA_675A
MLA_6914000A
MLA_6A
MLA_6B
MLA_72218K6A
MLA_7372A
MLA_7644469A
MLA_78A
MLA_7A
MLA_7B
MLA_7KK2745A
MLA_80A
MLA_8287A
MLA_8305657A
MLA_845A
MLA_852K1A
MLA_8A
MLA_8B
MLA_9110A
MLA_96809A
MLA_96K16A
MLA_970A
MLA_98A
MLA_9A
MLA_9B
MLA_K399A
MLA_K8425A
MLA_K88A
MLA_K9A
MLA_KA
MLA_KB
MLA_KKA
MLK_0073412A
MLK_0125A
MLK_04919A
MLK_05A
MLK_09A
MLK_0A
MLK_0B
MLK_1500A
MLK_1598180A
MLK_17A
MLK_1891A
MLK_1A
MLK_1B
MLK_1K293A
MLK_2195A
MLK_21A
MLK_24A
MLK_2707111A
MLK_2745KA
MLK_2A
MLK_2B
MLK_323A
MLK_36K48K3A
MLK_37A
MLK_38A
MLK_3A
MLK_3B
MLK_3KA
MLK_4035798A
MLK_432K2K8A
MLK_46A
MLK_489A
MLK_4A
MLK_4B
MLK_4KK4441A
MLK_510A
MLK_563A
MLK_56585A
MLK_59A
MLK_5A
MLK_5B
MLK_5K31A
MLK_60026A
MLK_61393A
MLK_628A
MLK_6396688A
MLK_6645A
MLK_6A
MLK_6B
MLK_735A
MLK_758A
MLK_767A
MLK_78K1368A
MLK_7A
MLK_7B
MLK_7K7A
MLK_8169976A
MLK_82A
MLK_8333KA
MLK_8420A
MLK_86547A
MLK_8A
MLK_8B
MLK_90403A
MLK_9080A
MLK_922A
MLK_974A
MLK_9A
MLK_9B
MLK_9K52238A
MLK_K5K8A
MLK_K6K9A
MLK_K996A
MLK_KA
MLK_KB
MLK_KK614A
MLK_KKK16A
MMI_0002493A
MMI_0370A
MMI_0576800A
MMI_0915445A
MMI_0975536A
MMI_0A
MMI_0B
MMI_1132A
MMI_116A
MMI_1221735A
MMI_1969A
MMI_1A
MMI_1B
MMI_1K34164A
MMI_20A
MMI_221KA
MMI_230A
MMI_29A
MMI_2A
MMI_2B
MMI_2K6KKA
MMI_313A
MMI_3141A
MMI_36A
MMI_378A
MMI_39A
MMI_3A
MMI_3B
MMI_4270674A
MMI_4340A
MMI_46762A
MMI_48463A
MMI_4A
MMI_4B
MMI_4KA
MMI_53286A
MMI_559A
MMI_56K71A
MMI_57407A
MMI_591A
MMI_5A
MMI_5B
MMI_604A
MMI_60523A
MMI_62A
MMI_63A
MMI_6512A
MMI_6A
MMI_6B
MMI_7244582A
MMI_756A
MMI_773KA
MMI_77A
MMI_7A
MMI_7B
MMI_7K5KA
MMI_801A
MMI_85A
MMI_8694KA
MMI_87KA
MMI_88A
MMI_8A
MMI_8B
MMI_9004954A
MMI_9033A
MMI_9796A
MMI_98A
MMI_9A
MMI_9B
MMI_9K14798A
MMI_K472KA
MMI_K5KK2A
MMI_K99A
MMI_K9K682KA
MMI_KA
MMI_KB
MMI_KK338A
MMK_0075A
MMK_02933A
MMK_0327645A
MMK_0397100A
MMK_0806255A
MMK_0A
MMK_0B
MMK_124A
MMK_13749A
MMK_15A
MMK_1744A
MMK_1A
MMK_1B
MMK_1K6A
MMK_234A
MMK_2701A
MMK_28263A
MMK_2A
MMK_2B
MMK_2K4K4A
MMK_2KK6957A
MMK_34187A
MMK_3504A
MMK_37A
MMK_3A
MMK_3B
MMK_3K9A
MMK_3KA
MMK_41K5A
MMK_42045A
MMK_465A
MMK_4723A
MMK_4A
MMK_4B
MMK_4K1K2A
MMK_519A
MMK_5286158A
MMK_54A
MMK_56521A
MMK_593A
MMK_5A
MMK_5B
MMK_618589KA
MMK_620A
MMK_6487A
MMK_67A
MMK_6A
MMK_6B
MMK_6KKA
MMK_7240012A
MMK_73A
MMK_76A
MMK_78143A
MMK_7A
MMK_7B
MMK_7K26784A
MMK_85A
MMK_8638A
MMK_8808483A
MMK_88A
MMK_8A
MMK_8B
MMK_8K98968A
MMK_90509A
MMK_9214A
MMK_94KKA
MMK_99A
MMK_9A
MMK_9B
MMK_9KA
MMK_K1666K7A
MMK_K33A
MMK_K3K82A
MMK_K7K5A
MMK_K83A
MMK_KA
MMK_KB
MMU_0085A
MMU_0206672A
MMU_0305351A
MMU_078A
MMU_09A
MMU_0A
MMU_0B
MMU_1170A
MMU_1497KA
MMU_150A
MMU_16A
MMU_1893945A
MMU_1A
MMU_1B
MMU_2467A
MMU_25595A
MMU_25A
MMU_2827A
MMU_2A
MMU_2B
MMU_2K2996KA
MMU_3048401A
MMU_31K6A
MMU_3460A
MMU_36512A
MMU_3A
MMU_3B
MMU_3K377A
MMU_402A
MMU_4379KK7A
MMU_437A
MMU_44179A
MMU_4A
MMU_4B
MMU_4KK3A
MMU_56K4A
MMU_5756886A
MMU_586A
MMU_5981A
MMU_5A
MMU_5B
MMU_5KA
MMU_61A
MMU_6238A
MMU_643A
MMU_68524A
MMU_699A
MMU_6A
MMU_6B
MMU_72911A
MMU_75A
MMU_764A
MMU_771K5A
MMU_79A
MMU_7A
MMU_7B
MMU_8074970A
MMU_81A
MMU_84A
MMU_876A
MMU_89A
MMU_8A
MMU_8B
MMU_9069A
MMU_92336K8A
MMU_926A
MMU_96578A
MMU_98328A
MMU_9A
MMU_9B
MMU_K13A
MMU_K42K1A
MMU_K635221A
MMU_KA
MMU_KB
MMU_KK93K8KA
MMU_KKA
MMX_0013A
MMX_003A
MMX_0219A
MMX_04A
MMX_097A
MMX_0A
MMX_0B
MMX_13K5K17A
MMX_14A
MMX_16KK625A
MMX_186A
MMX_1A
MMX_1B
MMX_1K94KA
MMX_2088A
MMX_234A
MMX_2460054A
MMX_29A
MMX_2A
MMX_2B
MMX_2KA
MMX_30A
MMX_319A
MMX_36A
MMX_37A
MMX_3895A
MMX_3A
MMX_3B
MMX_4063A
MMX_417A
MMX_44A
MMX_45169A
MMX_47732A
MMX_4A
MMX_4B
MMX_5035662A
MMX_511A
MMX_5300A
MMX_53A
MMX_5684827A
MMX_5A
MMX_5B
MMX_6106875A
MMX_6428A
MMX_67433A
MMX_67K5A
MMX_6A
MMX_6B
MMX_6KKKA
MMX_723A
MMX_7247A
MMX_74802A
MMX_78579A
MMX_7A
MMX_7B
MMX_7K61591A
MMX_8075A
MMX_8187081A
MMX_820A
MMX_8A
MMX_8B
MMX_8K2A
MMX_8K7K4KKA
MMX_90583A
MMX_95A
MMX_96604A
MMX_96A
MMX_9936542A
MMX_9A
MMX_9B
MMX_K1KA
MMX_K45K865A
MMX_K7788A
MMX_K8463A
MMX_K9897A
MMX_KA
MMX_KB
MMZ_00753A
MMZ_01434A
MMZ_03200A
MMZ_0460183A
MMZ_0665099A
MMZ_0A
MMZ_0B
MMZ_11K9A
MMZ_159A
MMZ_16A
MMZ_1990A
MMZ_1A
MMZ_1B
MMZ_1KA
MMZ_20A
MMZ_2242A
MMZ_251A
MMZ_2568K23A
MMZ_2A
MMZ_2B
MMZ_2K3K5A
MMZ_31242A
MMZ_33A
MMZ_33B
MMZ_3855A
MMZ_3966A
MMZ_3A
MMZ_3B
MMZ_4130A
MMZ_449KA
MMZ_468A
MMZ_4898587A
MMZ_498A
MMZ_4A
MMZ_4B
MMZ_500A
MMZ_56A
MMZ_59523A
MMZ_5A
MMZ_5B
MMZ_5KA
MMZ_5KKA
MMZ_6063263A
MMZ_61035A
MMZ_62A
MMZ_64800A
MMZ_6777586A
MMZ_6A
MMZ_6B
MMZ_728A
MMZ_74737A
MMZ_74A
MMZ_7844A
MMZ_7A
MMZ_7B
MMZ_7K28213A
MMZ_82A
MMZ_8607A
MMZ_87A
MMZ_8840205A
MMZ_8A
MMZ_8B
MMZ_8K8A
MMZ_931A
MMZ_93971A
MMZ_943KA
MMZ_97KA
MMZ_9A
MMZ_9B
MMZ_9K6A
MMZ_K4151K4A
MMZ_K78K1A
MMZ_K818A
MMZ_KA
MMZ_KB
MMZ_KK16K55A
MMZ_KK36534A
MNR_0213551A
MNR_038A
MNR_0436A
MNR_05A
MNR_06A
MNR_0A
MNR_0B
MNR_1032A
MNR_11KK167A
MNR_147A
MNR_18905A
MNR_18A
MNR_1A
MNR_1B
MNR_2125227A
MNR_240A
MNR_27659A
MNR_2868154A
MNR_29A
MNR_2A
MNR_2B
MNR_3040A
MNR_33A
MNR_34015A
MNR_385A
MNR_3A
MNR_3B
MNR_3K844A
MNR_41A
MNR_42K23A
MNR_45A
MNR_4910078A
MNR_4924A
MNR_4A
MNR_4B
MNR_500A
MNR_53A
MNR_5682A
MNR_56A
MNR_58230A
MNR_5A
MNR_5B
MNR_6296093A
MNR_639A
MNR_66008A
MNR_6950172A
MNR_69936A
MNR_6A
MNR_6B
MNR_7202A
MNR_7394A
MNR_7428A
MNR_77194A
MNR_7961443A
MNR_7A
MNR_7B
MNR_809A
MNR_847KA
MNR_881A
MNR_887516KA
MNR_8A
MNR_8B
MNR_8KK9752A
MNR_9062008A
MNR_91A
MNR_9834A
MNR_9864A
MNR_9A
MNR_9B
MNR_9KKA
MNR_K35KKA
MNR_K41A
MNR_K6A
MNR_K7KA
MNR_K8995A
MNR_KA
MNR_KB
MNS_0066774A
MNS_0213A
MNS_0349A
MNS_0797335A
MNS_099A
MNS_0A
MNS_0B
MNS_10017A
MNS_1198234A
MNS_1512264A
MNS_178A
MNS_18A
MNS_1A
MNS_1B
MNS_20A
MNS_2654A
MNS_283A
MNS_2931A
MNS_2A
MNS_2B
MNS_2K542A
MNS_32A
MNS_32B
MNS_3399561A
MNS_3589A
MNS_3708402A
MNS_3A
MNS_3B
MNS_4030125A
MNS_40A
MNS_414A
MNS_431KA
MNS_475A
MNS_4A
MNS_4B
MNS_510A
MNS_52A
MNS_5873A
MNS_59A
MNS_5A
MNS_5B
MNS_5K6A
MNS_60A
MNS_6492711A
MNS_671K3A
MNS_69A
MNS_6A
MNS_6B
MNS_6K155A
MNS_704A
MNS_77688A
MNS_79K7A
MNS_7A
MNS_7B
MNS_7K75A
MNS_7KA
MNS_825K9A
MNS_84K9A
MNS_852A
MNS_8653968A
MNS_8A
MNS_8B
MNS_8K6A
MNS_91620A
MNS_921A
MNS_9630050A
MNS_978K1A
MNS_9A
MNS_9B
MNS_9KA
MNS_K2436A
MNS_K4613A
MNS_KA
MNS_KB
MNS_KK87A
MNS_KK88944A
MNS_KKK22A
MRM_0341A
MRM_047A
MRM_0727A
MRM_0786369A
MRM_0979618A
MRM_0A
MRM_0B
MRM_1001A
MRM_10A
MRM_11A
MRM_131A
MRM_1738A
MRM_1A
MRM_1B
MRM_21761A
MRM_22758A
MRM_2657KA
MRM_26A
MRM_2836A
MRM_2A
MRM_2B
MRM_31KA
MRM_323A
MRM_33062A
MRM_3765A
MRM_3A
MRM_3B
MRM_3K71K12A
MRM_4093A
MRM_43400A
MRM_450A
MRM_4859928A
MRM_4A
MRM_4B
MRM_4K1547KA
MRM_52423A
MRM_53A
MRM_55069A
MRM_57701A
MRM_5A
MRM_5B
MRM_5KA
MRM_608A
MRM_6625A
MRM_67846K2A
MRM_67A
MRM_6851229A
MRM_6A
MRM_6B
MRM_73538A
MRM_741A
MRM_74514KKA
MRM_77A
MRM_7963A
MRM_7A
MRM_7B
MRM_81A
MRM_8711435A
MRM_880A
MRM_887KA
MRM_8A
MRM_8B
MRM_8KA
MRM_90A
MRM_9242A
MRM_94A
MRM_980A
MRM_98168A
MRM_9A
MRM_9B
MRM_K525919A
MRM_K89A
MRM_K9KA
MRM_KA
MRM_KB
MRM_KK483A
MRM_KK56K3KA
MRN_0033589A
MRN_0090A
MRN_06803A
MRN_06A
MRN_084A
MRN_0A
MRN_0B
MRN_1129200A
MRN_13105A
MRN_14A
MRN_157A
MRN_15K6A
MRN_1A
MRN_1B
MRN_2086018A
MRN_22A
MRN_2449A
MRN_26497A
MRN_2778575A
MRN_2A
MRN_2B
MRN_3340A
MRN_35430A
MRN_37A
MRN_3907A
MRN_3A
MRN_3B
MRN_3K3A
MRN_41917A
MRN_41K4A
MRN_460A
MRN_4628A
MRN_476A
MRN_4A
MRN_4B
MRN_52562K9A
MRN_52A
MRN_5482KK5A
MRN_5583A
MRN_55971K6A
MRN_5A
MRN_5B
MRN_61A
MRN_6704A
MRN_674A
MRN_69A
MRN_6A
MRN_6B
MRN_6K5KK79A
MRN_72A
MRN_75A
MRN_7816650A
MRN_79A
MRN_7A
MRN_7B
MRN_7K73A
MRN_840A
MRN_864A
MRN_880A
MRN_88KA
MRN_89113A
MRN_8A
MRN_8B
MRN_9422383A
MRN_96170A
MRN_96365A
MRN_9873A
MRN_99A
MRN_9A
MRN_9B
MRN_K1921A
MRN_K26A
MRN_K387KA
MRN_K4K8K16A
MRN_K9432A
MRN_KA
MRN_KB
MRS_00A
MRS_0296186A
MRS_0382A
MRS_04A
MRS_0681A
MRS_0A
MRS_0B
MRS_1007A
MRS_13506A
MRS_17K4476A
MRS_1930534A
MRS_1A
MRS_1B
MRS_1KK5A
MRS_208A
MRS_22639K6A
MRS_24110A
MRS_28A
MRS_292KA
MRS_2A
MRS_2B
MRS_30A
MRS_324K94KA
MRS_32A
MRS_37587A
MRS_3A
MRS_3B
MRS_3KA
MRS_42A
MRS_43A
MRS_470A
MRS_48A
MRS_499A
MRS_4A
MRS_4B
MRS_50366A
MRS_517A
MRS_52K15KKA
MRS_54KA
MRS_5753793A
MRS_5A
MRS_5B
MRS_600A
MRS_64677A
MRS_6590900A
MRS_6A
MRS_6B
MRS_6K733A
MRS_6KK2A
MRS_712A
MRS_71K8A
MRS_7416227A
MRS_7494565A
MRS_79128A
MRS_7A
MRS_7B
MRS_8114A
MRS_82760A
MRS_8890401A
MRS_897A
MRS_8A
MRS_8B
MRS_8K3A
MRS_92A
MRS_95K43A
MRS_9785A
MRS_98020A
MRS_996A
MRS_9A
MRS_9B
MRS_K198A
MRS_K64A
MRS_K7A
MRS_K916A
MRS_KA
MRS_KB
MRS_KK556A
MSM_02366A
MSM_0509A
MSM_0730705A
MSM_0876260A
MSM_09A
MSM_0A
MSM_0B
MSM_100A
MSM_115A
MSM_163A
MSM_17A
MSM_1A
MSM_1B
MSM_1KKK8A
MSM_2002034A
MSM_2208452A
MSM_255K5A
MSM_276A
MSM_29A
MSM_2A
MSM_2B
MSM_318A
MSM_33465A
MSM_3747A
MSM_39A
MSM_3A
MSM_3B
MSM_3K278A
MSM_4367A
MSM_44916A
MSM_4753551A
MSM_4856804A
MSM_4A
MSM_4B
MSM_4K96A
MSM_521A
MSM_5339400A
MSM_5417A
MSM_58A
MSM_5964498A
MSM_5A
MSM_5B
MSM_613A
MSM_6142A
MSM_66897A
MSM_693A
MSM_6A
MSM_6B
MSM_6K32A
MSM_70156A
MSM_735A
MSM_75032A
MSM_77K6224A
MSM_78K4KA
MSM_7A
MSM_7B
MSM_82579A
MSM_8387141A
MSM_8437A
MSM_86A
MSM_8981A
MSM_8A
MSM_8B
MSM_90A
MSM_946A
MSM_95A
MSM_9A
MSM_9B
MSM_9K1A
MSM_9KA
MSM_K3K7972A
MSM_K5A
MSM_K699A
MSM_K7A
MSM_KA
MSM_KB
MSM_KK21A
MSW_0044A
MSW_02163A
MSW_021A
MSW_0734A
MSW_08A
MSW_0A
MSW_0B
MSW_10845A
MSW_1347A
MSW_14A
MSW_157A
MSW_173A
MSW_1A
MSW_1B
MSW_2205397A
MSW_23685A
MSW_259A
MSW_28A
MSW_2965A
MSW_2A
MSW_2B
MSW_3065A
MSW_32A
MSW_3812945A
MSW_3819770A
MSW_393A
MSW_3A
MSW_3B
MSW_44A
MSW_461KK2KA
MSW_485A
MSW_49K6A
MSW_4A
MSW_4B
MSW_4KA
MSW_5327A
MSW_54183A
MSW_54A
MSW_550A
MSW_5876751A
MSW_5A
MSW_5B
MSW_60A
MSW_61A
MSW_64833K5A
MSW_6780A
MSW_6907098A
MSW_6A
MSW_6B
MSW_742A
MSW_74A
MSW_76K89A
MSW_77951A
MSW_7A
MSW_7B
MSW_7K9A
MSW_823K6KKA
MSW_871A
MSW_8820371A
MSW_8A
MSW_8B
MSW_8K16A
MSW_8K92A
MSW_92243A
MSW_93A
MSW_95K3K37A
MSW_96846A
MSW_9900126A
MSW_9A
MSW_9B
MSW_K4131A
MSW_K56A
MSW_K7242A
MSW_K7K27A
MSW_K86KA
MSW_KA
MSW_KB
MTA_001A
MTA_01A
MTA_080A
MTA_096A
MTA_09A
MTA_0A
MTA_0B
MTA_10237A
MTA_11K2528A
MTA_1366955A
MTA_18A
MTA_19A
MTA_1A
MTA_1B
MTA_20742A
MTA_24K2243A
MTA_254KA
MTA_268A
MTA_2A
MTA_2B
MTA_2KK33A
MTA_300A
MTA_32793A
MTA_378A
MTA_38A
MTA_398A
MTA_3A
MTA_3B
MTA_42713A
MTA_4345A
MTA_4465A
MTA_44951A
MTA_48A
MTA_4A
MTA_4B
MTA_52A
MTA_53KK7K3A
MTA_58763A
MTA_5966A
MTA_5999A
MTA_5A
MTA_5B
MTA_63621A
MTA_645K935A
MTA_67K6771A
MTA_68A
MTA_6A
MTA_6B
MTA_6KKA
MTA_73KA
MTA_7505A
MTA_7565A
MTA_78A
MTA_79K8188A
MTA_7A
MTA_7B
MTA_8073A
MTA_8208703A
MTA_829A
MTA_84149A
MTA_85140A
MTA_8A
MTA_8B
MTA_903A
MTA_9046972A
MTA_9123A
MTA_92A
MTA_9474164A
MTA_9A
MTA_9B
MTA_K17KA
MTA_K477A
MTA_K5A
MTA_K722948A
MTA_K86KKA
MTA_KA
MTA_KB
MTH_00A
MTH_0173519A
MTH_0524A
MTH_0645A
MTH_0850A
MTH_0A
MTH_0B
MTH_10A
MTH_1401A
MTH_15880A
MTH_16A
MTH_19A
MTH_1A
MTH_1B
MTH_2003946A
MTH_21036A
MTH_22578A
MTH_2353327A
MTH_249A
MTH_2A
MTH_2B
MTH_33992A
MTH_349A
MTH_3728271A
MTH_38116A
MTH_3A
MTH_3B
MTH_3KA
MTH_4004367A
MTH_422K779A
MTH_441A
MTH_48A
MTH_48B
MTH_4A
MTH_4B
MTH_529A
MTH_531KA
MTH_551A
MTH_561A
MTH_5A
MTH_5B
MTH_5KK2A
MTH_607A
MTH_60842A
MTH_625KA
MTH_63A
MTH_6A
MTH_6B
MTH_6K3KA
MTH_7097132A
MTH_7630570A
MTH_76561K9A
MTH_772A
MTH_7986A
MTH_7A
MTH_7B
MTH_8009A
MTH_8592020A
MTH_87375A
MTH_89K9A
MTH_8A
MTH_8B
MTH_8K2A
MTH_90683A
MTH_91866A
MTH_93A
MTH_94KK6A
MTH_981883KA
MTH_9A
MTH_9B
MTH_K17A
MTH_K38A
MTH_K4A
MTH_K5A
MTH_KA
MTH_KB
MTH_KK782A
MTS_0060A
MTS_0101892A
MTS_0305544A
MTS_0400818A
MTS_0612A
MTS_0A
MTS_0B
MTS_12KA
MTS_13A
MTS_16A
MTS_1A
MTS_1B
MTS_1K315A
MTS_1K671A
MTS_2439A
MTS_2661A
MTS_2790938A
MTS_29007A
MTS_29A
MTS_2A
MTS_2B
MTS_3040747A
MTS_3100A
MTS_32A
MTS_365A
MTS_36A
MTS_3A
MTS_3B
MTS_41672A
MTS_43752A
MTS_4724KA
MTS_49A
MTS_49B
MTS_4A
MTS_4B
MTS_51A
MTS_52034A
MTS_5786685A
MTS_591426KA
MTS_5A
MTS_5B
MTS_5K4A
MTS_60A
MTS_6233A
MTS_63KA
MTS_68462A
MTS_69956A
MTS_6A
MTS_6B
MTS_7346440A
MTS_769A
MTS_775A
MTS_7987708A
MTS_7A
MTS_7B
MTS_7K422A
MTS_82A
MTS_830A
MTS_8633A
MTS_8732A
MTS_88020A
MTS_8A
MTS_8B
MTS_938A
MTS_9419648A
MTS_948A
MTS_9709A
MTS_9A
MTS_9B
MTS_9K51A
MTS_K14A
MTS_K239A
MTS_K74A
MTS_KA
MTS_KB
MTS_KKA
MTS_KKK35K8A
MTT_010A
MTT_01A
MTT_06943A
MTT_074A
MTT_0872A
MTT_0A
MTT_0B
MTT_1258570A
MTT_1477685A
MTT_1535A
MTT_18905A
MTT_1943A
MTT_1A
MTT_1B
MTT_219KKA
MTT_27A
MTT_2841A
MTT_29KK624A
MTT_2A
MTT_2B
MTT_2KA
MTT_33149A
MTT_34A
MTT_34KK5KKA
MTT_3697A
MTT_3967178A
MTT_3A
MTT_3B
MTT_422A
MTT_42373A
MTT_460A
MTT_47A
MTT_4816A
MTT_4A
MTT_4B
MTT_54164A
MTT_57A
MTT_5930302A
MTT_5956466A
MTT_5A
MTT_5B
MTT_5K1A
MTT_611A
MTT_6551K26A
MTT_65A
MTT_6866A
MTT_6A
MTT_6B
MTT_6K45139A
MTT_7078A
MTT_74048A
MTT_77KA
MTT_7927A
MTT_7928200A
MTT_7A
MTT_7B
MTT_826A
MTT_83A
MTT_862A
MTT_87329A
MTT_8A
MTT_8B
MTT_8KA
MTT_917A
MTT_954KA
MTT_9722A
MTT_9961538A
MTT_99A
MTT_9A
MTT_9B
MTT_K25A
MTT_K4K38A
MTT_K5K1KA
MTT_K7523A
MTT_K9A
MTT_KA
MTT_KB
MWS_01029A
MWS_01A
MWS_05A
MWS_070A
MWS_081A
MWS_0A
MWS_0B
MWS_12203A
MWS_13A
MWS_15626A
MWS_173KA
MWS_187A
MWS_1A
MWS_1B
MWS_211A
MWS_22446K9A
MWS_2747A
MWS_2890904A
MWS_2A
MWS_2B
MWS_2KK97A
MWS_31K5A
MWS_34A
MWS_3600A
MWS_3676A
MWS_39A
MWS_3A
MWS_3B
MWS_4082006A
MWS_40A
MWS_457A
MWS_4A
MWS_4B
MWS_4K452A
MWS_4KA
MWS_5186A
MWS_52423A
MWS_5377643A
MWS_553A
MWS_58A
MWS_5A
MWS_5B
MWS_6507744A
MWS_66K23A
MWS_675A
MWS_684A
MWS_69592A
MWS_6A
MWS_6B
MWS_70328A
MWS_709A
MWS_73K2633A
MWS_751A
MWS_7889491A
MWS_7A
MWS_7B
MWS_80A
MWS_8643849A
MWS_8714A
MWS_88A
MWS_8A
MWS_8B
MWS_8K59A
MWS_92566A
MWS_9580472A
MWS_9627A
MWS_985K3A
MWS_9965A
MWS_9A
MWS_9B
MWS_K13KA
MWS_K1A
MWS_K63412KA
MWS_K7KA
MWS_KA
MWS_KB
MWS_KK8378KA
MWW_014A
MWW_02A
MWW_0529716A
MWW_08A
MWW_0921235A
MWW_0A
MWW_0B
MWW_1325190A
MWW_1337A
MWW_15954A
MWW_18A
MWW_191KA
MWW_1A
MWW_1B
MWW_2417A
MWW_262A
MWW_26332A
MWW_277A
MWW_2A
MWW_2B
MWW_2K11455A
MWW_30A
MWW_34668A
MWW_38A
MWW_3981A
MWW_3A
MWW_3B
MWW_3K8A
MWW_406A
MWW_42A
MWW_4483673A
MWW_47882A
MWW_49936A
MWW_4A
MWW_4B
MWW_5106272A
MWW_5258A
MWW_53KA
MWW_5537976A
MWW_5744A
MWW_5A
MWW_5B
MWW_6074A
MWW_63A
MWW_65K39K1A
MWW_6A
MWW_6B
MWW_6K7A
MWW_6K9A
MWW_70317A
MWW_7056A
MWW_72K2A
MWW_758A
MWW_7A
MWW_7B
MWW_7KK5A
MWW_80773A
MWW_84K3122A
MWW_896A
MWW_89808A
MWW_8A
MWW_8B
MWW_8KA
MWW_90A
MWW_93A
MWW_9565942A
MWW_96754A
MWW_9A
MWW_9B
MWW_9K7KA
MWW_K235KA
MWW_K4A
MWW_K5K645KA
MWW_KA
MWW_KB
MWW_KK648A
MWW_KKKA
MYA_027A
MYA_067A
MYA_06A
MYA_0788458A
MYA_087A
MYA_0A
MYA_0B
MYA_11985A
MYA_1473596A
MYA_165A
MYA_18000A
MYA_19A
MYA_1A
MYA_1B
MYA_21356A
MYA_2212775A
MYA_22A
MYA_23A
MYA_25A
MYA_2A
MYA_2B
MYA_3104A
MYA_325A
MYA_32A
MYA_3639612A
MYA_3740A
MYA_3A
MYA_3B
MYA_4030A
MYA_44KKA
MYA_456KA
MYA_47K74A
MYA_4909A
MYA_4A
MYA_4B
MYA_5241577A
MYA_54465A
MYA_54K93A
MYA_558KA
MYA_55A
MYA_5A
MYA_5B
MYA_61A
MYA_62816A
MYA_6643605A
MYA_6763003A
MYA_6907200A
MYA_6A
MYA_6B
MYA_7018A
MYA_71K38A
MYA_752A
MYA_7914268A
MYA_795A
MYA_7A
MYA_7B
MYA_8292A
MYA_8348A
MYA_85A
MYA_862A
MYA_86928K5A
MYA_8A
MYA_8B
MYA_933A
MYA_94153A
MYA_9433487A
MYA_9517A
MYA_99720A
MYA_9A
MYA_9B
MYA_K11A
MYA_K37K8A
MYA_K4A
MYA_K76A
MYA_K9A
MYA_KA
MYA_KB
MYI_0013492A
MYI_0035A
MYI_02A
MYI_05A
MYI_0880A
MYI_0A
MYI_0B
MYI_11K7KA
MYI_14KA
MYI_1871986A
MYI_19K96K8A
MYI_1A
MYI_1B
MYI_1K77A
MYI_2124A
MYI_2567184A
MYI_2643005A
MYI_281A
MYI_29A
MYI_2A
MYI_2B
MYI_32A
MYI_3396A
MYI_3457A
MYI_38A
MYI_3A
MYI_3B
MYI_3K6A
MYI_411A
MYI_4379315A
MYI_4485A
MYI_46682A
MYI_4A
MYI_4B
MYI_4K623A
MYI_5122764A
MYI_5226KK8A
MYI_53A
MYI_5424091A
MYI_5A
MYI_5B
MYI_5K3K5A
MYI_6073A
MYI_665A
MYI_67A
MYI_69A
MYI_6A
MYI_6B
MYI_6K47458A
MYI_72729A
MYI_73759A
MYI_74789K4A
MYI_76502A
MYI_775A
MYI_7A
MYI_7B
MYI_809A
MYI_83979A
MYI_842A
MYI_8685A
MYI_87KKKA
MYI_8A
MYI_8B
MYI_9082A
MYI_94A
MYI_94B
MYI_9504A
MYI_98169A
MYI_9A
MYI_9B
MYI_K17A
MYI_K25A
MYI_K2A
MYI_K9KA
MYI_KA
MYI_KB
MYI_KK363A
MYL_003A
MYL_00A
MYL_04A
MYL_07A
MYL_0955050A
MYL_0A
MYL_0B
MYL_1198A
MYL_11K92A
MYL_1382KA
MYL_1518A
MYL_167A
MYL_1A
MYL_1B
MYL_2139A
MYL_21758A
MYL_22K76A
MYL_23A
MYL_25A
MYL_2A
MYL_2B
MYL_30281A
MYL_34126A
MYL_3433289A
MYL_3645188A
MYL_37462A
MYL_3A
MYL_3B
MYL_4191A
MYL_4293KA
MYL_45A
MYL_46A
MYL_4930106A
MYL_4A
MYL_4B
MYL_538A
MYL_568A
MYL_5899037A
MYL_599A
MYL_5A
MYL_5B
MYL_5K68A
MYL_612A
MYL_627A
MYL_631A
MYL_6659478A
MYL_6A
MYL_6B
MYL_6KK8643A
MYL_714A
MYL_71A
MYL_7209708A
MYL_72A
MYL_7A
MYL_7B
MYL_7K77A
MYL_83A
MYL_8440A
MYL_8480A
MYL_8567A
MYL_877A
MYL_8A
MYL_8B
MYL_90A
MYL_9235326A
MYL_979KA
MYL_98K57A
MYL_9A
MYL_9B
MYL_9KKA
MYL_K1K36A
MYL_K352425A
MYL_K4KK815A
MYL_K66K4A
MYL_K96KA
MYL_KA
MYL_KB
MYN_0285A
MYN_04A
MYN_04B
MYN_09497A
MYN_09A
MYN_0A
MYN_0B
MYN_10200A
MYN_11A
MYN_1348K16A
MYN_176A
MYN_17K62A
MYN_1A
MYN_1B
MYN_2247766A
MYN_23391A
MYN_25KA
MYN_284A
MYN_2A
MYN_2B
MYN_2K588A
MYN_305A
MYN_33A
MYN_36A
MYN_37A
MYN_3830A
MYN_3A
MYN_3B
MYN_40A
MYN_42070A
MYN_422A
MYN_4462A
MYN_4A
MYN_4B
MYN_4KKA
MYN_52A
MYN_5582A
MYN_5618480A
MYN_5745A
MYN_5A
MYN_5B
MYN_5K9A
MYN_6035A
MYN_6079714A
MYN_61966K7A
MYN_675A
MYN_67987A
MYN_6A
MYN_6B
MYN_729A
MYN_7314A
MYN_7550A
MYN_7869A
MYN_7A
MYN_7B
MYN_7K36815A
MYN_832A
MYN_8829A
MYN_8996864A
MYN_89A
MYN_8A
MYN_8B
MYN_8KK2744A
MYN_92640A
MYN_9373126A
MYN_93A
MYN_941A
MYN_9A
MYN_9B
MYN_9K87A
MYN_K163K4KA
MYN_K2465A
MYN_K7134A
MYN_K81KKA
MYN_KA
MYN_KB
MYN_KK43215A
